{"C:\\Users\\emily\\Desktop\\Computer Science\\ThirdYear-2023\\159356 Capstone\\mushroom_db_app\\pages\\about.vue": {"path":"C:\\Users\\emily\\Desktop\\Computer Science\\ThirdYear-2023\\159356 Capstone\\mushroom_db_app\\pages\\about.vue","statementMap":{"0":{"start":{"line":4,"column":18},"end":{"line":6,"column":6}},"1":{"start":{"line":7,"column":4},"end":{"line":9,"column":6}},"2":{"start":{"line":12,"column":0},"end":{"line":12,"column":13}},"3":{"start":{"line":14,"column":0},"end":{"line":16,"column":3}},"4":{"start":{"line":17,"column":0},"end":{"line":17,"column":24}},"5":{"start":{"line":18,"column":11},"end":{"line":18,"column":25}},"6":{"start":{"line":19,"column":30},"end":{"line":19,"column":97}},"7":{"start":{"line":20,"column":17},"end":{"line":20,"column":29}},"8":{"start":{"line":22,"column":2},"end":{"line":22,"column":86}},"9":{"start":{"line":23,"column":2},"end":{"line":23,"column":49}}},"fnMap":{"0":{"name":"(anonymous_0)","decl":{"start":{"line":3,"column":2},"end":{"line":3,"column":3}},"loc":{"start":{"line":3,"column":10},"end":{"line":10,"column":3}},"line":3},"1":{"name":"render","decl":{"start":{"line":21,"column":9},"end":{"line":21,"column":15}},"loc":{"start":{"line":21,"column":30},"end":{"line":23,"column":1}},"line":21}},"branchMap":{},"s":{"0":0,"1":0,"2":0,"3":0,"4":0,"5":0,"6":0,"7":0,"8":0,"9":0},"f":{"0":0,"1":0},"b":{},"inputSourceMap":{"0":"{","1":"\"","2":"v","3":"e","4":"r","5":"s","6":"i","7":"o","8":"n","9":"\"","10":":","11":"3","12":",","13":"\"","14":"s","15":"o","16":"u","17":"r","18":"c","19":"e","20":"s","21":"\"","22":":","23":"[","24":"\"","25":"C","26":":","27":"\\","28":"\\","29":"U","30":"s","31":"e","32":"r","33":"s","34":"\\","35":"\\","36":"e","37":"m","38":"i","39":"l","40":"y","41":"\\","42":"\\","43":"D","44":"e","45":"s","46":"k","47":"t","48":"o","49":"p","50":"\\","51":"\\","52":"C","53":"o","54":"m","55":"p","56":"u","57":"t","58":"e","59":"r","60":" ","61":"S","62":"c","63":"i","64":"e","65":"n","66":"c","67":"e","68":"\\","69":"\\","70":"T","71":"h","72":"i","73":"r","74":"d","75":"Y","76":"e","77":"a","78":"r","79":"-","80":"2","81":"0","82":"2","83":"3","84":"\\","85":"\\","86":"1","87":"5","88":"9","89":"3","90":"5","91":"6","92":" ","93":"C","94":"a","95":"p","96":"s","97":"t","98":"o","99":"n","100":"e","101":"\\","102":"\\","103":"m","104":"u","105":"s","106":"h","107":"r","108":"o","109":"o","110":"m","111":"_","112":"d","113":"b","114":"_","115":"a","116":"p","117":"p","118":"\\","119":"\\","120":"p","121":"a","122":"g","123":"e","124":"s","125":"\\","126":"\\","127":"a","128":"b","129":"o","130":"u","131":"t","132":".","133":"v","134":"u","135":"e","136":"\"","137":"]","138":",","139":"\"","140":"n","141":"a","142":"m","143":"e","144":"s","145":"\"","146":":","147":"[","148":"]","149":",","150":"\"","151":"m","152":"a","153":"p","154":"p","155":"i","156":"n","157":"g","158":"s","159":"\"","160":":","161":"\"","162":"A","163":"A","164":"O","165":"A","166":",","167":"S","168":"A","169":"A","170":"S","171":",","172":"Q","173":"A","174":"A","175":"Q","176":",","177":"E","178":"A","179":"A","180":"E","181":",","182":"M","183":"A","184":"A","185":"M","186":",","187":"Q","188":"A","189":"A","190":"Q","191":",","192":"K","193":"A","194":"A","195":"K","196":";","197":"A","198":"A","199":"E","200":"t","201":"C","202":",","203":"e","204":"A","205":"A","206":"e","207":";","208":"E","209":"A","210":"C","211":"X","212":",","213":"K","214":"A","215":"A","216":"K","217":",","218":"G","219":"A","220":"A","221":"I","222":";","223":"I","224":"A","225":"C","226":"L","227":",","228":"M","229":"A","230":"A","231":"M","232":",","233":"K","234":"A","235":"A","236":"K","237":",","238":"G","239":"A","240":"A","241":"G","242":",","243":"Q","244":"A","245":"A","246":"Q","247":",","248":"C","249":"A","250":"A","251":"C","252":";","253":"M","254":"A","255":"C","256":"n","257":"B","258":",","259":"K","260":"A","261":"A","262":"K","263":",","264":"E","265":"A","266":"A","267":"E","268":";","269":"I","270":"A","271":"C","272":"X","273":",","274":"C","275":"A","276":"A","277":"C","278":",","279":"C","280":"A","281":"A","282":"C","283":";","284":"I","285":"A","286":"E","287":"F","288":",","289":"O","290":"A","291":"A","292":"O","293":";","294":"M","295":"A","296":"C","297":"H","298":",","299":"G","300":"A","301":"A","302":"G","303":",","304":"M","305":"A","306":"A","307":"M","308":",","309":"C","310":"A","311":"A","312":"C","313":",","314":"K","315":"A","316":"A","317":"K","318":";","319":"I","320":"A","321":"C","322":"n","323":"B","324":",","325":"C","326":"A","327":"A","328":"C","329":";","330":"E","331":"A","332":"C","333":"L","334":";","335":"A","336":"A","337":"C","338":"J","339":",","340":"C","341":"A","342":"A","343":"C","344":"\"","345":",","346":"\"","347":"f","348":"i","349":"l","350":"e","351":"\"","352":":","353":"\"","354":"C","355":":","356":"\\","357":"\\","358":"U","359":"s","360":"e","361":"r","362":"s","363":"\\","364":"\\","365":"e","366":"m","367":"i","368":"l","369":"y","370":"\\","371":"\\","372":"D","373":"e","374":"s","375":"k","376":"t","377":"o","378":"p","379":"\\","380":"\\","381":"C","382":"o","383":"m","384":"p","385":"u","386":"t","387":"e","388":"r","389":" ","390":"S","391":"c","392":"i","393":"e","394":"n","395":"c","396":"e","397":"\\","398":"\\","399":"T","400":"h","401":"i","402":"r","403":"d","404":"Y","405":"e","406":"a","407":"r","408":"-","409":"2","410":"0","411":"2","412":"3","413":"\\","414":"\\","415":"1","416":"5","417":"9","418":"3","419":"5","420":"6","421":" ","422":"C","423":"a","424":"p","425":"s","426":"t","427":"o","428":"n","429":"e","430":"\\","431":"\\","432":"m","433":"u","434":"s","435":"h","436":"r","437":"o","438":"o","439":"m","440":"_","441":"d","442":"b","443":"_","444":"a","445":"p","446":"p","447":"\\","448":"\\","449":"p","450":"a","451":"g","452":"e","453":"s","454":"\\","455":"\\","456":"a","457":"b","458":"o","459":"u","460":"t","461":".","462":"v","463":"u","464":"e","465":"\"","466":",","467":"\"","468":"s","469":"o","470":"u","471":"r","472":"c","473":"e","474":"s","475":"C","476":"o","477":"n","478":"t","479":"e","480":"n","481":"t","482":"\"","483":":","484":"[","485":"\"","486":"<","487":"t","488":"e","489":"m","490":"p","491":"l","492":"a","493":"t","494":"e","495":">","496":"\\","497":"r","498":"\\","499":"n","500":" ","501":" ","502":" ","503":" ","504":"<","505":"d","506":"i","507":"v","508":">","509":"\\","510":"r","511":"\\","512":"n","513":" ","514":" ","515":" ","516":" ","517":" ","518":" ","519":" ","520":" ","521":"<","522":"h","523":"1","524":">","525":"A","526":"b","527":"o","528":"u","529":"t","530":"<","531":"/","532":"h","533":"1","534":">","535":"\\","536":"r","537":"\\","538":"n","539":" ","540":" ","541":" ","542":" ","543":"<","544":"/","545":"d","546":"i","547":"v","548":">","549":"\\","550":"r","551":"\\","552":"n","553":"<","554":"/","555":"t","556":"e","557":"m","558":"p","559":"l","560":"a","561":"t","562":"e","563":">","564":"\\","565":"r","566":"\\","567":"n","568":"\\","569":"r","570":"\\","571":"n","572":"<","573":"s","574":"c","575":"r","576":"i","577":"p","578":"t","579":">","580":"\\","581":"r","582":"\\","583":"n","584":"i","585":"m","586":"p","587":"o","588":"r","589":"t","590":" ","591":"{","592":" ","593":"r","594":"e","595":"a","596":"c","597":"t","598":"i","599":"v","600":"e","601":",","602":" ","603":"t","604":"o","605":"R","606":"e","607":"f","608":"s","609":" ","610":"}","611":" ","612":"f","613":"r","614":"o","615":"m","616":" ","617":"'","618":"v","619":"u","620":"e","621":"'","622":"\\","623":"r","624":"\\","625":"n","626":"\\","627":"r","628":"\\","629":"n","630":"e","631":"x","632":"p","633":"o","634":"r","635":"t","636":" ","637":"d","638":"e","639":"f","640":"a","641":"u","642":"l","643":"t","644":" ","645":"{","646":"\\","647":"r","648":"\\","649":"n","650":" ","651":" ","652":" ","653":" ","654":"s","655":"e","656":"t","657":"u","658":"p","659":" ","660":"(","661":")","662":" ","663":"{","664":"\\","665":"r","666":"\\","667":"n","668":" ","669":" ","670":" ","671":" ","672":" ","673":" ","674":" ","675":" ","676":"c","677":"o","678":"n","679":"s","680":"t","681":" ","682":"s","683":"t","684":"a","685":"t","686":"e","687":" ","688":"=","689":" ","690":"r","691":"e","692":"a","693":"c","694":"t","695":"i","696":"v","697":"e","698":"(","699":"{","700":"\\","701":"r","702":"\\","703":"n","704":" ","705":" ","706":" ","707":" ","708":" ","709":" ","710":" ","711":" ","712":" ","713":" ","714":" ","715":" ","716":"c","717":"o","718":"u","719":"n","720":"t","721":":","722":" ","723":"0","724":",","725":"\\","726":"r","727":"\\","728":"n","729":" ","730":" ","731":" ","732":" ","733":" ","734":" ","735":" ","736":" ","737":"}","738":")","739":"\\","740":"r","741":"\\","742":"n","743":" ","744":" ","745":" ","746":" ","747":"\\","748":"r","749":"\\","750":"n","751":" ","752":" ","753":" ","754":" ","755":" ","756":" ","757":" ","758":" ","759":"r","760":"e","761":"t","762":"u","763":"r","764":"n","765":" ","766":"{","767":"\\","768":"r","769":"\\","770":"n","771":" ","772":" ","773":" ","774":" ","775":" ","776":" ","777":" ","778":" ","779":" ","780":" ","781":" ","782":" ","783":".","784":".","785":".","786":"t","787":"o","788":"R","789":"e","790":"f","791":"s","792":"(","793":"s","794":"t","795":"a","796":"t","797":"e","798":")","799":",","800":"\\","801":"r","802":"\\","803":"n","804":" ","805":" ","806":" ","807":" ","808":" ","809":" ","810":" ","811":" ","812":"}","813":"\\","814":"r","815":"\\","816":"n","817":" ","818":" ","819":" ","820":" ","821":"}","822":"\\","823":"r","824":"\\","825":"n","826":"}","827":"\\","828":"r","829":"\\","830":"n","831":"<","832":"/","833":"s","834":"c","835":"r","836":"i","837":"p","838":"t","839":">","840":"\\","841":"r","842":"\\","843":"n","844":"\\","845":"r","846":"\\","847":"n","848":"<","849":"s","850":"t","851":"y","852":"l","853":"e","854":" ","855":"s","856":"c","857":"o","858":"p","859":"e","860":"d","861":">","862":"\\","863":"r","864":"\\","865":"n","866":"\\","867":"r","868":"\\","869":"n","870":"<","871":"/","872":"s","873":"t","874":"y","875":"l","876":"e","877":">","878":"\"","879":"]","880":"}"}}
,"C:\\Users\\emily\\Desktop\\Computer Science\\ThirdYear-2023\\159356 Capstone\\mushroom_db_app\\pages\\index.vue": {"path":"C:\\Users\\emily\\Desktop\\Computer Science\\ThirdYear-2023\\159356 Capstone\\mushroom_db_app\\pages\\index.vue","statementMap":{"0":{"start":{"line":4,"column":0},"end":{"line":6,"column":3}},"1":{"start":{"line":7,"column":0},"end":{"line":7,"column":25}},"2":{"start":{"line":15,"column":15},"end":{"line":173,"column":1}},"3":{"start":{"line":20,"column":4},"end":{"line":20,"column":15}},"4":{"start":{"line":23,"column":4},"end":{"line":27,"column":12}},"5":{"start":{"line":30,"column":4},"end":{"line":34,"column":12}},"6":{"start":{"line":37,"column":4},"end":{"line":41,"column":12}},"7":{"start":{"line":44,"column":4},"end":{"line":48,"column":12}},"8":{"start":{"line":51,"column":4},"end":{"line":55,"column":12}},"9":{"start":{"line":58,"column":4},"end":{"line":62,"column":12}},"10":{"start":{"line":65,"column":4},"end":{"line":69,"column":12}},"11":{"start":{"line":72,"column":4},"end":{"line":76,"column":12}},"12":{"start":{"line":81,"column":4},"end":{"line":85,"column":12}},"13":{"start":{"line":87,"column":23},"end":{"line":87,"column":62}},"14":{"start":{"line":104,"column":27},"end":{"line":106,"column":5}},"15":{"start":{"line":105,"column":6},"end":{"line":105,"column":110}},"16":{"start":{"line":105,"column":48},"end":{"line":105,"column":108}},"17":{"start":{"line":105,"column":80},"end":{"line":105,"column":107}},"18":{"start":{"line":109,"column":28},"end":{"line":116,"column":5}},"19":{"start":{"line":111,"column":6},"end":{"line":115,"column":7}},"20":{"start":{"line":112,"column":8},"end":{"line":112,"column":50}},"21":{"start":{"line":114,"column":8},"end":{"line":114,"column":51}},"22":{"start":{"line":119,"column":26},"end":{"line":119,"column":65}},"23":{"start":{"line":122,"column":23},"end":{"line":124,"column":5}},"24":{"start":{"line":123,"column":6},"end":{"line":123,"column":56}},"25":{"start":{"line":125,"column":28},"end":{"line":131,"column":5}},"26":{"start":{"line":126,"column":17},"end":{"line":126,"column":60}},"27":{"start":{"line":128,"column":30},"end":{"line":128,"column":258}},"28":{"start":{"line":128,"column":47},"end":{"line":128,"column":257}},"29":{"start":{"line":129,"column":6},"end":{"line":129,"column":50}},"30":{"start":{"line":130,"column":6},"end":{"line":130,"column":31}},"31":{"start":{"line":132,"column":25},"end":{"line":166,"column":5}},"32":{"start":{"line":159,"column":8},"end":{"line":164,"column":10}},"33":{"start":{"line":167,"column":4},"end":{"line":170,"column":7}},"34":{"start":{"line":171,"column":4},"end":{"line":171,"column":24}},"35":{"start":{"line":178,"column":0},"end":{"line":180,"column":3}},"36":{"start":{"line":181,"column":0},"end":{"line":181,"column":24}},"37":{"start":{"line":182,"column":11},"end":{"line":182,"column":25}},"38":{"start":{"line":183,"column":30},"end":{"line":183,"column":363}},"39":{"start":{"line":184,"column":17},"end":{"line":186,"column":1}},"40":{"start":{"line":187,"column":17},"end":{"line":189,"column":1}},"41":{"start":{"line":190,"column":17},"end":{"line":192,"column":1}},"42":{"start":{"line":193,"column":30},"end":{"line":193,"column":115}},"43":{"start":{"line":194,"column":17},"end":{"line":196,"column":1}},"44":{"start":{"line":197,"column":30},"end":{"line":197,"column":107}},"45":{"start":{"line":198,"column":30},"end":{"line":198,"column":96}},"46":{"start":{"line":199,"column":30},"end":{"line":199,"column":98}},"47":{"start":{"line":200,"column":31},"end":{"line":200,"column":104}},"48":{"start":{"line":201,"column":31},"end":{"line":201,"column":105}},"49":{"start":{"line":202,"column":31},"end":{"line":202,"column":97}},"50":{"start":{"line":203,"column":18},"end":{"line":203,"column":27}},"51":{"start":{"line":204,"column":31},"end":{"line":204,"column":95}},"52":{"start":{"line":205,"column":31},"end":{"line":205,"column":95}},"53":{"start":{"line":206,"column":18},"end":{"line":208,"column":1}},"54":{"start":{"line":209,"column":18},"end":{"line":211,"column":1}},"55":{"start":{"line":212,"column":18},"end":{"line":214,"column":1}},"56":{"start":{"line":215,"column":31},"end":{"line":215,"column":109}},"57":{"start":{"line":216,"column":18},"end":{"line":218,"column":1}},"58":{"start":{"line":219,"column":31},"end":{"line":221,"column":670}},"59":{"start":{"line":224,"column":2},"end":{"line":262,"column":209}},"60":{"start":{"line":226,"column":6},"end":{"line":226,"column":34}},"61":{"start":{"line":230,"column":6},"end":{"line":230,"column":35}},"62":{"start":{"line":234,"column":6},"end":{"line":234,"column":35}},"63":{"start":{"line":238,"column":6},"end":{"line":238,"column":35}},"64":{"start":{"line":242,"column":6},"end":{"line":242,"column":35}},"65":{"start":{"line":248,"column":6},"end":{"line":248,"column":42}},"66":{"start":{"line":252,"column":4},"end":{"line":255,"column":92}},"67":{"start":{"line":259,"column":4},"end":{"line":261,"column":350}},"68":{"start":{"line":263,"column":2},"end":{"line":263,"column":49}}},"fnMap":{"0":{"name":"(anonymous_0)","decl":{"start":{"line":17,"column":2},"end":{"line":17,"column":3}},"loc":{"start":{"line":19,"column":5},"end":{"line":172,"column":3}},"line":19},"1":{"name":"(anonymous_1)","decl":{"start":{"line":104,"column":27},"end":{"line":104,"column":28}},"loc":{"start":{"line":104,"column":33},"end":{"line":106,"column":5}},"line":104},"2":{"name":"(anonymous_2)","decl":{"start":{"line":105,"column":36},"end":{"line":105,"column":37}},"loc":{"start":{"line":105,"column":48},"end":{"line":105,"column":108}},"line":105},"3":{"name":"(anonymous_3)","decl":{"start":{"line":105,"column":73},"end":{"line":105,"column":74}},"loc":{"start":{"line":105,"column":80},"end":{"line":105,"column":107}},"line":105},"4":{"name":"(anonymous_4)","decl":{"start":{"line":109,"column":28},"end":{"line":109,"column":29}},"loc":{"start":{"line":109,"column":34},"end":{"line":116,"column":5}},"line":109},"5":{"name":"(anonymous_5)","decl":{"start":{"line":122,"column":23},"end":{"line":122,"column":24}},"loc":{"start":{"line":122,"column":30},"end":{"line":124,"column":5}},"line":122},"6":{"name":"(anonymous_6)","decl":{"start":{"line":125,"column":28},"end":{"line":125,"column":29}},"loc":{"start":{"line":125,"column":34},"end":{"line":131,"column":5}},"line":125},"7":{"name":"(anonymous_7)","decl":{"start":{"line":128,"column":42},"end":{"line":128,"column":43}},"loc":{"start":{"line":128,"column":47},"end":{"line":128,"column":257}},"line":128},"8":{"name":"(anonymous_8)","decl":{"start":{"line":158,"column":6},"end":{"line":158,"column":7}},"loc":{"start":{"line":158,"column":25},"end":{"line":165,"column":7}},"line":158},"9":{"name":"render","decl":{"start":{"line":223,"column":9},"end":{"line":223,"column":15}},"loc":{"start":{"line":223,"column":63},"end":{"line":263,"column":1}},"line":223},"10":{"name":"(anonymous_10)","decl":{"start":{"line":225,"column":53},"end":{"line":225,"column":54}},"loc":{"start":{"line":225,"column":71},"end":{"line":227,"column":5}},"line":225},"11":{"name":"(anonymous_11)","decl":{"start":{"line":229,"column":53},"end":{"line":229,"column":54}},"loc":{"start":{"line":229,"column":71},"end":{"line":231,"column":5}},"line":229},"12":{"name":"(anonymous_12)","decl":{"start":{"line":233,"column":53},"end":{"line":233,"column":54}},"loc":{"start":{"line":233,"column":71},"end":{"line":235,"column":5}},"line":233},"13":{"name":"(anonymous_13)","decl":{"start":{"line":237,"column":53},"end":{"line":237,"column":54}},"loc":{"start":{"line":237,"column":71},"end":{"line":239,"column":5}},"line":237},"14":{"name":"(anonymous_14)","decl":{"start":{"line":241,"column":53},"end":{"line":241,"column":54}},"loc":{"start":{"line":241,"column":71},"end":{"line":243,"column":5}},"line":241},"15":{"name":"(anonymous_15)","decl":{"start":{"line":247,"column":53},"end":{"line":247,"column":54}},"loc":{"start":{"line":247,"column":71},"end":{"line":249,"column":5}},"line":247},"16":{"name":"(anonymous_16)","decl":{"start":{"line":251,"column":123},"end":{"line":251,"column":124}},"loc":{"start":{"line":251,"column":138},"end":{"line":256,"column":3}},"line":251},"17":{"name":"(anonymous_17)","decl":{"start":{"line":258,"column":501},"end":{"line":258,"column":502}},"loc":{"start":{"line":258,"column":521},"end":{"line":262,"column":3}},"line":258}},"branchMap":{"0":{"loc":{"start":{"line":111,"column":6},"end":{"line":115,"column":7}},"type":"if","locations":[{"start":{"line":111,"column":6},"end":{"line":115,"column":7}},{"start":{"line":113,"column":13},"end":{"line":115,"column":7}}],"line":111},"1":{"loc":{"start":{"line":128,"column":47},"end":{"line":128,"column":257}},"type":"binary-expr","locations":[{"start":{"line":128,"column":48},"end":{"line":128,"column":83}},{"start":{"line":128,"column":87},"end":{"line":128,"column":121}},{"start":{"line":128,"column":126},"end":{"line":128,"column":171}},{"start":{"line":128,"column":175},"end":{"line":128,"column":218}},{"start":{"line":128,"column":222},"end":{"line":128,"column":257}}],"line":128},"2":{"loc":{"start":{"line":225,"column":27},"end":{"line":227,"column":6}},"type":"binary-expr","locations":[{"start":{"line":225,"column":27},"end":{"line":225,"column":36}},{"start":{"line":225,"column":41},"end":{"line":227,"column":5}}],"line":225},"3":{"loc":{"start":{"line":229,"column":27},"end":{"line":231,"column":6}},"type":"binary-expr","locations":[{"start":{"line":229,"column":27},"end":{"line":229,"column":36}},{"start":{"line":229,"column":41},"end":{"line":231,"column":5}}],"line":229},"4":{"loc":{"start":{"line":233,"column":27},"end":{"line":235,"column":6}},"type":"binary-expr","locations":[{"start":{"line":233,"column":27},"end":{"line":233,"column":36}},{"start":{"line":233,"column":41},"end":{"line":235,"column":5}}],"line":233},"5":{"loc":{"start":{"line":237,"column":27},"end":{"line":239,"column":6}},"type":"binary-expr","locations":[{"start":{"line":237,"column":27},"end":{"line":237,"column":36}},{"start":{"line":237,"column":41},"end":{"line":239,"column":5}}],"line":237},"6":{"loc":{"start":{"line":241,"column":27},"end":{"line":243,"column":6}},"type":"binary-expr","locations":[{"start":{"line":241,"column":27},"end":{"line":241,"column":36}},{"start":{"line":241,"column":41},"end":{"line":243,"column":5}}],"line":241},"7":{"loc":{"start":{"line":247,"column":27},"end":{"line":249,"column":6}},"type":"binary-expr","locations":[{"start":{"line":247,"column":27},"end":{"line":247,"column":36}},{"start":{"line":247,"column":41},"end":{"line":249,"column":5}}],"line":247},"8":{"loc":{"start":{"line":258,"column":88},"end":{"line":258,"column":263}},"type":"cond-expr","locations":[{"start":{"line":258,"column":127},"end":{"line":258,"column":217}},{"start":{"line":258,"column":221},"end":{"line":258,"column":263}}],"line":258},"9":{"loc":{"start":{"line":258,"column":265},"end":{"line":262,"column":131}},"type":"cond-expr","locations":[{"start":{"line":258,"column":304},"end":{"line":262,"column":34}},{"start":{"line":262,"column":39},"end":{"line":262,"column":130}}],"line":258}},"s":{"0":0,"1":0,"2":0,"3":0,"4":0,"5":0,"6":0,"7":0,"8":0,"9":0,"10":0,"11":0,"12":0,"13":0,"14":0,"15":0,"16":0,"17":0,"18":0,"19":0,"20":0,"21":0,"22":0,"23":0,"24":0,"25":0,"26":0,"27":0,"28":0,"29":0,"30":0,"31":0,"32":0,"33":0,"34":0,"35":0,"36":0,"37":0,"38":0,"39":0,"40":0,"41":0,"42":0,"43":0,"44":0,"45":0,"46":0,"47":0,"48":0,"49":0,"50":0,"51":0,"52":0,"53":0,"54":0,"55":0,"56":0,"57":0,"58":0,"59":0,"60":0,"61":0,"62":0,"63":0,"64":0,"65":0,"66":0,"67":0,"68":0},"f":{"0":0,"1":0,"2":0,"3":0,"4":0,"5":0,"6":0,"7":0,"8":0,"9":0,"10":0,"11":0,"12":0,"13":0,"14":0,"15":0,"16":0,"17":0},"b":{"0":[0,0],"1":[0,0,0,0,0],"2":[0,0],"3":[0,0],"4":[0,0],"5":[0,0],"6":[0,0],"7":[0,0],"8":[0,0],"9":[0,0]},"inputSourceMap":{"0":"{","1":"\"","2":"v","3":"e","4":"r","5":"s","6":"i","7":"o","8":"n","9":"\"","10":":","11":"3","12":",","13":"\"","14":"s","15":"o","16":"u","17":"r","18":"c","19":"e","20":"s","21":"\"","22":":","23":"[","24":"\"","25":"C","26":":","27":"/","28":"U","29":"s","30":"e","31":"r","32":"s","33":"/","34":"e","35":"m","36":"i","37":"l","38":"y","39":"/","40":"D","41":"e","42":"s","43":"k","44":"t","45":"o","46":"p","47":"/","48":"C","49":"o","50":"m","51":"p","52":"u","53":"t","54":"e","55":"r","56":" ","57":"S","58":"c","59":"i","60":"e","61":"n","62":"c","63":"e","64":"/","65":"T","66":"h","67":"i","68":"r","69":"d","70":"Y","71":"e","72":"a","73":"r","74":"-","75":"2","76":"0","77":"2","78":"3","79":"/","80":"1","81":"5","82":"9","83":"3","84":"5","85":"6","86":" ","87":"C","88":"a","89":"p","90":"s","91":"t","92":"o","93":"n","94":"e","95":"/","96":"m","97":"u","98":"s","99":"h","100":"r","101":"o","102":"o","103":"m","104":"_","105":"d","106":"b","107":"_","108":"a","109":"p","110":"p","111":"/","112":"p","113":"a","114":"g","115":"e","116":"s","117":"/","118":"i","119":"n","120":"d","121":"e","122":"x","123":".","124":"v","125":"u","126":"e","127":"\"","128":"]","129":",","130":"\"","131":"n","132":"a","133":"m","134":"e","135":"s","136":"\"","137":":","138":"[","139":"]","140":",","141":"\"","142":"m","143":"a","144":"p","145":"p","146":"i","147":"n","148":"g","149":"s","150":"\"","151":":","152":"\"","153":";","154":";","155":";","156":";","157":";","158":";","159":";","160":"A","161":"A","162":"6","163":"E","164":"A","165":";","166":"A","167":"A","168":"A","169":"A","170":";","171":"A","172":"A","173":"A","174":"A","175":";","176":"A","177":"A","178":"C","179":"A","180":";","181":"A","182":"A","183":"A","184":"A","185":";","186":"A","187":"A","188":"A","189":"A","190":";","191":"A","192":"A","193":"A","194":"+","195":"C","196":";","197":"A","198":"A","199":"A","200":"A","201":";","202":";","203":";","204":";","205":";","206":";","207":"I","208":"A","209":"E","210":"/","211":"C","212":",","213":"M","214":"A","215":"A","216":"M","217":",","218":"S","219":"A","220":"A","221":"S","222":";","223":"I","224":"A","225":"A","226":"G","227":";","228":"I","229":"A","230":"A","231":"A","232":";","233":"I","234":"A","235":"A","236":"A","237":";","238":"I","239":"A","240":"A","241":"A","242":";","243":"I","244":"A","245":"A","246":"A","247":";","248":"I","249":"A","250":"A","251":"A","252":",","253":"G","254":"A","255":"A","256":"G","257":",","258":"E","259":"A","260":"A","261":"C","262":",","263":"E","264":"A","265":"A","266":"E","267":",","268":"C","269":"A","270":"A","271":"C","272":";","273":"I","274":"A","275":"C","276":"z","277":"B","278":",","279":"M","280":"A","281":"A","282":"M","283":",","284":"i","285":"B","286":"A","287":"A","288":"i","289":"B","290":";","291":"I","292":"A","293":"A","294":"G","295":";","296":"I","297":"A","298":"A","299":"A","300":";","301":"I","302":"A","303":"A","304":"A","305":";","306":"I","307":"A","308":"A","309":"A","310":";","311":"I","312":"A","313":"A","314":"A","315":";","316":"I","317":"A","318":"A","319":"A","320":",","321":"G","322":"A","323":"A","324":"G","325":",","326":"E","327":"A","328":"A","329":"C","330":",","331":"E","332":"A","333":"A","334":"E","335":",","336":"C","337":"A","338":"A","339":"C","340":";","341":"I","342":"A","343":"C","344":"j","345":"C","346":",","347":"M","348":"A","349":"A","350":"M","351":",","352":"Y","353":"A","354":"A","355":"Y","356":";","357":"I","358":"A","359":"A","360":"G","361":";","362":"I","363":"A","364":"A","365":"A","366":";","367":"I","368":"A","369":"A","370":"A","371":";","372":"I","373":"A","374":"A","375":"A","376":";","377":"I","378":"A","379":"A","380":"A","381":";","382":"I","383":"A","384":"A","385":"A","386":",","387":"G","388":"A","389":"A","390":"G","391":",","392":"E","393":"A","394":"A","395":"C","396":",","397":"E","398":"A","399":"A","400":"E","401":",","402":"C","403":"A","404":"A","405":"C","406":";","407":"I","408":"A","409":"E","410":"5","411":"B","412":",","413":"M","414":"A","415":"A","416":"M","417":",","418":"I","419":"A","420":"A","421":"I","422":";","423":"I","424":"A","425":"A","426":"G","427":";","428":"I","429":"A","430":"A","431":"A","432":";","433":"I","434":"A","435":"A","436":"A","437":";","438":"I","439":"A","440":"A","441":"A","442":";","443":"I","444":"A","445":"A","446":"A","447":";","448":"I","449":"A","450":"A","451":"A","452":",","453":"G","454":"A","455":"A","456":"G","457":",","458":"E","459":"A","460":"A","461":"C","462":",","463":"E","464":"A","465":"A","466":"E","467":",","468":"C","469":"A","470":"A","471":"C","472":";","473":"I","474":"A","475":"C","476":"p","477":"B","478":",","479":"M","480":"A","481":"A","482":"M","483":",","484":"K","485":"A","486":"A","487":"K","488":";","489":"I","490":"A","491":"A","492":"G","493":";","494":"I","495":"A","496":"A","497":"A","498":";","499":"I","500":"A","501":"A","502":"A","503":";","504":"I","505":"A","506":"A","507":"A","508":";","509":"I","510":"A","511":"A","512":"A","513":";","514":"I","515":"A","516":"A","517":"A","518":",","519":"G","520":"A","521":"A","522":"G","523":",","524":"E","525":"A","526":"A","527":"C","528":",","529":"E","530":"A","531":"A","532":"E","533":",","534":"C","535":"A","536":"A","537":"C","538":";","539":"I","540":"A","541":"C","542":"r","543":"B","544":",","545":"M","546":"A","547":"A","548":"M","549":",","550":"K","551":"A","552":"A","553":"K","554":";","555":"I","556":"A","557":"A","558":"G","559":";","560":"I","561":"A","562":"A","563":"A","564":";","565":"I","566":"A","567":"A","568":"A","569":";","570":"I","571":"A","572":"A","573":"A","574":";","575":"I","576":"A","577":"A","578":"A","579":";","580":"I","581":"A","582":"A","583":"A","584":",","585":"G","586":"A","587":"A","588":"G","589":",","590":"E","591":"A","592":"A","593":"C","594":",","595":"E","596":"A","597":"A","598":"E","599":",","600":"C","601":"A","602":"A","603":"C","604":";","605":"I","606":"A","607":"C","608":"r","609":"B","610":",","611":"M","612":"A","613":"A","614":"M","615":",","616":"K","617":"A","618":"A","619":"K","620":";","621":"I","622":"A","623":"A","624":"G","625":";","626":"I","627":"A","628":"A","629":"A","630":";","631":"I","632":"A","633":"A","634":"A","635":";","636":"I","637":"A","638":"A","639":"A","640":";","641":"I","642":"A","643":"A","644":"A","645":";","646":"I","647":"A","648":"A","649":"A","650":",","651":"G","652":"A","653":"A","654":"G","655":",","656":"E","657":"A","658":"A","659":"C","660":",","661":"E","662":"A","663":"A","664":"E","665":",","666":"C","667":"A","668":"A","669":"C","670":";","671":"I","672":"A","673":"C","674":"r","675":"B","676":",","677":"M","678":"A","679":"A","680":"M","681":",","682":"K","683":"A","684":"A","685":"K","686":";","687":"I","688":"A","689":"A","690":"G","691":";","692":"I","693":"A","694":"A","695":"A","696":";","697":"I","698":"A","699":"A","700":"A","701":";","702":"I","703":"A","704":"A","705":"A","706":";","707":"I","708":"A","709":"A","710":"A","711":";","712":"I","713":"A","714":"A","715":"A","716":",","717":"G","718":"A","719":"A","720":"G","721":",","722":"E","723":"A","724":"A","725":"C","726":",","727":"E","728":"A","729":"A","730":"E","731":",","732":"C","733":"A","734":"A","735":"C","736":";","737":";","738":"I","739":"A","740":"E","741":"r","742":"B","743":";","744":"I","745":"A","746":"C","747":"A","748":",","749":"M","750":"A","751":"A","752":"M","753":",","754":"Q","755":"A","756":"A","757":"Q","758":";","759":"I","760":"A","761":"A","762":"G","763":";","764":"I","765":"A","766":"A","767":"A","768":";","769":"I","770":"A","771":"A","772":"A","773":";","774":"I","775":"A","776":"A","777":"A","778":";","779":"I","780":"A","781":"A","782":"A","783":";","784":"I","785":"A","786":"A","787":"A","788":",","789":"G","790":"A","791":"A","792":"G","793":",","794":"E","795":"A","796":"A","797":"C","798":",","799":"E","800":"A","801":"A","802":"E","803":",","804":"C","805":"A","806":"A","807":"C","808":";","809":"I","810":"A","811":"C","812":"x","813":"B","814":";","815":"I","816":"A","817":"C","818":"A","819":",","820":"M","821":"A","822":"A","823":"M","824":",","825":"U","826":"A","827":"A","828":"U","829":",","830":"G","831":"A","832":"A","833":"G","834":",","835":"C","836":"A","837":"A","838":"C","839":",","840":"Q","841":"A","842":"A","843":"Q","844":",","845":"E","846":"A","847":"A","848":"E","849":",","850":"W","851":"A","852":"A","853":"W","854":",","855":"E","856":"A","857":"A","858":"E","859":",","860":"c","861":"A","862":"A","863":"c","864":",","865":"C","866":"A","867":"A","868":"C","869":";","870":";","871":"I","872":"A","873":"E","874":"1","875":"D","876":";","877":"I","878":"A","879":"C","880":"A","881":";","882":"I","883":"A","884":"A","885":"A","886":";","887":"I","888":"A","889":"A","890":"A","891":";","892":"I","893":"A","894":"A","895":"A","896":";","897":"I","898":"A","899":"A","900":"A","901":";","902":"I","903":"A","904":"A","905":"A","906":",","907":"S","908":"A","909":"A","910":"S","911":",","912":"E","913":"A","914":"A","915":"C","916":",","917":"M","918":"A","919":"A","920":"M","921":";","922":"M","923":"A","924":"C","925":"d","926":",","927":"S","928":"A","929":"A","930":"S","931":",","932":"C","933":"A","934":"A","935":"C","936":",","937":"K","938":"A","939":"A","940":"K","941":";","942":"M","943":"A","944":"A","945":"G","946":";","947":"M","948":"A","949":"A","950":"A","951":";","952":"M","953":"A","954":"A","955":"A","956":";","957":"M","958":"A","959":"A","960":"A","961":",","962":"O","963":"A","964":"A","965":"Y","966":";","967":"I","968":"A","969":"C","970":"h","971":"C","972":",","973":"C","974":"A","975":"A","976":"C","977":",","978":"C","979":"A","980":"A","981":"C","982":";","983":";","984":"I","985":"A","986":"E","987":"F","988":";","989":"I","990":"A","991":"C","992":"A","993":",","994":"M","995":"A","996":"A","997":"M","998":",","999":"c","1000":"A","1001":"A","1002":"c","1003":",","1004":"G","1005":"A","1006":"A","1007":"G","1008":",","1009":"M","1010":"A","1011":"A","1012":"M","1013":";","1014":"M","1015":"A","1016":"C","1017":"3","1018":"B","1019":",","1020":"O","1021":"A","1022":"A","1023":"O","1024":",","1025":"S","1026":"A","1027":"A","1028":"S","1029":",","1030":"C","1031":"A","1032":"A","1033":"C","1034":",","1035":"K","1036":"A","1037":"A","1038":"K","1039":",","1040":"C","1041":"A","1042":"A","1043":"C","1044":",","1045":"M","1046":"A","1047":"A","1048":"M","1049":",","1050":"C","1051":"A","1052":"A","1053":"E","1054":",","1055":"Q","1056":"A","1057":"A","1058":"Q","1059":",","1060":"I","1061":"A","1062":"C","1063":"v","1064":"C","1065":",","1066":"Y","1067":"A","1068":"A","1069":"Y","1070":",","1071":"C","1072":"A","1073":"A","1074":"C","1075":",","1076":"K","1077":"A","1078":"A","1079":"K","1080":",","1081":"C","1082":"A","1083":"A","1084":"C","1085":",","1086":"K","1087":"A","1088":"A","1089":"K","1090":",","1091":"C","1092":"A","1093":"A","1094":"E","1095":",","1096":"G","1097":"A","1098":"A","1099":"G","1100":",","1101":"I","1102":"A","1103":"A","1104":"K","1105":",","1106":"Q","1107":"A","1108":"A","1109":"Q","1110":",","1111":"C","1112":"A","1113":"A","1114":"C","1115":",","1116":"I","1117":"A","1118":"A","1119":"I","1120":",","1121":"C","1122":"A","1123":"A","1124":"C","1125":",","1126":"Q","1127":"A","1128":"A","1129":"Q","1130":",","1131":"C","1132":"A","1133":"A","1134":"C","1135":",","1136":"G","1137":"A","1138":"A","1139":"G","1140":",","1141":"C","1142":"A","1143":"A","1144":"C","1145":",","1146":"C","1147":"A","1148":"C","1149":"7","1150":"D","1151":",","1152":"C","1153":"A","1154":"A","1155":"C","1156":";","1157":"I","1158":"A","1159":"C","1160":"H","1161":",","1162":"C","1163":"A","1164":"A","1165":"C","1166":";","1167":";","1168":"I","1169":"A","1170":"E","1171":"D","1172":";","1173":"I","1174":"A","1175":"C","1176":"A","1177":",","1178":"M","1179":"A","1180":"A","1181":"M","1182":",","1183":"e","1184":"A","1185":"A","1186":"e","1187":",","1188":"G","1189":"A","1190":"A","1191":"G","1192":",","1193":"M","1194":"A","1195":"A","1196":"M","1197":";","1198":"M","1199":"A","1200":"C","1201":"5","1202":"B","1203":";","1204":"M","1205":"A","1206":"C","1207":"A","1208":",","1209":"I","1210":"A","1211":"A","1212":"G","1213":",","1214":"Y","1215":"A","1216":"A","1217":"Y","1218":",","1219":"C","1220":"A","1221":"A","1222":"C","1223":",","1224":"K","1225":"A","1226":"A","1227":"K","1228":",","1229":"C","1230":"A","1231":"A","1232":"C","1233":",","1234":"M","1235":"A","1236":"A","1237":"M","1238":",","1239":"K","1240":"A","1241":"A","1242":"K","1243":",","1244":"C","1245":"A","1246":"A","1247":"C","1248":",","1249":"E","1250":"A","1251":"A","1252":"C","1253":";","1254":"Q","1255":"A","1256":"C","1257":"j","1258":"C","1259":",","1260":"i","1261":"B","1262":"A","1263":"A","1264":"i","1265":"B","1266":",","1267":"C","1268":"A","1269":"A","1270":"C","1271":",","1272":"K","1273":"A","1274":"A","1275":"K","1276":",","1277":"G","1278":"A","1279":"A","1280":"G","1281":",","1282":"S","1283":"A","1284":"A","1285":"S","1286":",","1287":"C","1288":"A","1289":"A","1290":"C","1291":",","1292":"K","1293":"A","1294":"A","1295":"K","1296":";","1297":"M","1298":"A","1299":"C","1300":"3","1301":"C","1302":",","1303":"C","1304":"A","1305":"A","1306":"C","1307":",","1308":"M","1309":"A","1310":"A","1311":"K","1312":";","1313":"Q","1314":"A","1315":"C","1316":"J","1317":",","1318":"i","1319":"B","1320":"A","1321":"A","1322":"i","1323":"B","1324":",","1325":"C","1326":"A","1327":"A","1328":"C","1329":",","1330":"K","1331":"A","1332":"A","1333":"K","1334":",","1335":"G","1336":"A","1337":"A","1338":"G","1339":",","1340":"c","1341":"A","1342":"A","1343":"c","1344":",","1345":"C","1346":"A","1347":"A","1348":"C","1349":",","1350":"C","1351":"A","1352":"A","1353":"C","1354":";","1355":"M","1356":"A","1357":"C","1358":"5","1359":"C","1360":";","1361":"I","1362":"A","1363":"C","1364":"F","1365":",","1366":"C","1367":"A","1368":"A","1369":"C","1370":";","1371":";","1372":"I","1373":"A","1374":"E","1375":"D","1376":";","1377":"I","1378":"A","1379":"C","1380":"A","1381":",","1382":"M","1383":"A","1384":"A","1385":"M","1386":",","1387":"a","1388":"A","1389":"A","1390":"a","1391":",","1392":"G","1393":"A","1394":"A","1395":"G","1396":",","1397":"C","1398":"A","1399":"A","1400":"C","1401":",","1402":"Q","1403":"A","1404":"A","1405":"Q","1406":",","1407":"E","1408":"A","1409":"A","1410":"E","1411":",","1412":"W","1413":"A","1414":"A","1415":"W","1416":",","1417":"E","1418":"A","1419":"A","1420":"E","1421":",","1422":"c","1423":"A","1424":"A","1425":"c","1426":",","1427":"C","1428":"A","1429":"A","1430":"C","1431":";","1432":";","1433":"I","1434":"A","1435":"E","1436":"7","1437":"D","1438":";","1439":"I","1440":"A","1441":"C","1442":"A","1443":",","1444":"M","1445":"A","1446":"A","1447":"M","1448":",","1449":"U","1450":"A","1451":"A","1452":"U","1453":",","1454":"G","1455":"A","1456":"A","1457":"I","1458":",","1459":"G","1460":"A","1461":"A","1462":"G","1463":",","1464":"I","1465":"A","1466":"A","1467":"K","1468":";","1469":"M","1470":"A","1471":"C","1472":"1","1473":"B","1474":",","1475":"O","1476":"A","1477":"A","1478":"O","1479":",","1480":"G","1481":"A","1482":"A","1483":"G","1484":",","1485":"C","1486":"A","1487":"A","1488":"C","1489":",","1490":"M","1491":"A","1492":"A","1493":"M","1494":",","1495":"C","1496":"A","1497":"A","1498":"C","1499":",","1500":"C","1501":"A","1502":"A","1503":"C","1504":",","1505":"C","1506":"A","1507":"A","1508":"C","1509":",","1510":"C","1511":"A","1512":"A","1513":"C","1514":",","1515":"W","1516":"A","1517":"A","1518":"W","1519":",","1520":"C","1521":"A","1522":"A","1523":"C","1524":",","1525":"C","1526":"A","1527":"A","1528":"C","1529":",","1530":"G","1531":"A","1532":"A","1533":"G","1534":",","1535":"G","1536":"A","1537":"A","1538":"G","1539":",","1540":"C","1541":"A","1542":"A","1543":"C","1544":",","1545":"K","1546":"A","1547":"A","1548":"K","1549":",","1550":"C","1551":"A","1552":"A","1553":"C","1554":",","1555":"C","1556":"A","1557":"A","1558":"C","1559":",","1560":"C","1561":"A","1562":"A","1563":"C","1564":";","1565":"I","1566":"A","1567":"C","1568":"n","1569":"D","1570":",","1571":"C","1572":"A","1573":"A","1574":"C","1575":";","1576":"I","1577":"A","1578":"E","1579":"D","1580":",","1581":"M","1582":"A","1583":"A","1584":"M","1585":",","1586":"e","1587":"A","1588":"A","1589":"e","1590":",","1591":"G","1592":"A","1593":"A","1594":"G","1595":",","1596":"M","1597":"A","1598":"A","1599":"M","1600":";","1601":"M","1602":"A","1603":"C","1604":"5","1605":"B","1606":",","1607":"I","1608":"A","1609":"A","1610":"I","1611":",","1612":"I","1613":"A","1614":"A","1615":"I","1616":",","1617":"G","1618":"A","1619":"A","1620":"G","1621":",","1622":"I","1623":"A","1624":"A","1625":"I","1626":",","1627":"C","1628":"A","1629":"A","1630":"C","1631":",","1632":"K","1633":"A","1634":"A","1635":"K","1636":",","1637":"C","1638":"A","1639":"A","1640":"C","1641":",","1642":"I","1643":"A","1644":"A","1645":"I","1646":",","1647":"C","1648":"A","1649":"A","1650":"C","1651":",","1652":"S","1653":"A","1654":"A","1655":"S","1656":",","1657":"C","1658":"A","1659":"A","1660":"C","1661":",","1662":"S","1663":"A","1664":"A","1665":"S","1666":",","1667":"C","1668":"A","1669":"A","1670":"C","1671":",","1672":"K","1673":"A","1674":"A","1675":"K","1676":",","1677":"C","1678":"A","1679":"A","1680":"C","1681":",","1682":"C","1683":"A","1684":"A","1685":"C","1686":";","1687":"M","1688":"A","1689":"C","1690":"t","1691":"D","1692":";","1693":"M","1694":"A","1695":"C","1696":"A","1697":",","1698":"I","1699":"A","1700":"A","1701":"I","1702":",","1703":"i","1704":"B","1705":"A","1706":"A","1707":"i","1708":"B","1709":",","1710":"G","1711":"A","1712":"A","1713":"G","1714":",","1715":"I","1716":"A","1717":"A","1718":"I","1719":",","1720":"C","1721":"A","1722":"A","1723":"C","1724":",","1725":"M","1726":"A","1727":"A","1728":"M","1729":",","1730":"C","1731":"A","1732":"A","1733":"C","1734":",","1735":"C","1736":"A","1737":"A","1738":"C","1739":",","1740":"I","1741":"A","1742":"A","1743":"I","1744":",","1745":"C","1746":"A","1747":"A","1748":"C","1749":",","1750":"C","1751":"A","1752":"A","1753":"C","1754":",","1755":"C","1756":"A","1757":"A","1758":"C","1759":",","1760":"Y","1761":"A","1762":"A","1763":"Y","1764":",","1765":"C","1766":"A","1767":"A","1768":"C","1769":",","1770":"Q","1771":"A","1772":"A","1773":"Q","1774":",","1775":"C","1776":"A","1777":"A","1778":"C","1779":",","1780":"I","1781":"A","1782":"A","1783":"I","1784":",","1785":"C","1786":"A","1787":"A","1788":"C","1789":",","1790":"K","1791":"A","1792":"A","1793":"K","1794":",","1795":"C","1796":"A","1797":"A","1798":"C","1799":",","1800":"I","1801":"A","1802":"A","1803":"I","1804":",","1805":"C","1806":"A","1807":"A","1808":"C","1809":",","1810":"C","1811":"A","1812":"A","1813":"C","1814":",","1815":"W","1816":"A","1817":"A","1818":"W","1819":",","1820":"C","1821":"A","1822":"A","1823":"C","1824":",","1825":"Q","1826":"A","1827":"A","1828":"Q","1829":",","1830":"C","1831":"A","1832":"A","1833":"C","1834":",","1835":"I","1836":"A","1837":"A","1838":"I","1839":",","1840":"C","1841":"A","1842":"A","1843":"C","1844":",","1845":"K","1846":"A","1847":"A","1848":"K","1849":",","1850":"C","1851":"A","1852":"A","1853":"C","1854":",","1855":"K","1856":"A","1857":"A","1858":"K","1859":",","1860":"C","1861":"A","1862":"A","1863":"C","1864":",","1865":"C","1866":"A","1867":"A","1868":"C","1869":",","1870":"Y","1871":"A","1872":"A","1873":"Y","1874":",","1875":"C","1876":"A","1877":"A","1878":"C","1879":",","1880":"Q","1881":"A","1882":"A","1883":"Q","1884":",","1885":"C","1886":"A","1887":"A","1888":"C","1889":",","1890":"Q","1891":"A","1892":"A","1893":"Q","1894":",","1895":"C","1896":"A","1897":"A","1898":"C","1899":",","1900":"K","1901":"A","1902":"A","1903":"K","1904":",","1905":"C","1906":"A","1907":"A","1908":"C","1909":",","1910":"K","1911":"A","1912":"A","1913":"K","1914":",","1915":"C","1916":"A","1917":"A","1918":"C","1919":",","1920":"I","1921":"A","1922":"A","1923":"I","1924":",","1925":"C","1926":"A","1927":"A","1928":"C","1929":",","1930":"C","1931":"A","1932":"A","1933":"C","1934":",","1935":"Y","1936":"A","1937":"A","1938":"Y","1939":",","1940":"C","1941":"A","1942":"A","1943":"C","1944":",","1945":"M","1946":"A","1947":"A","1948":"M","1949":",","1950":"C","1951":"A","1952":"A","1953":"C","1954":",","1955":"Q","1956":"A","1957":"A","1958":"Q","1959":",","1960":"C","1961":"A","1962":"A","1963":"C","1964":",","1965":"K","1966":"A","1967":"A","1968":"K","1969":",","1970":"C","1971":"A","1972":"A","1973":"C","1974":",","1975":"K","1976":"A","1977":"A","1978":"K","1979":",","1980":"C","1981":"A","1982":"A","1983":"C","1984":",","1985":"I","1986":"A","1987":"A","1988":"I","1989":",","1990":"C","1991":"A","1992":"A","1993":"C","1994":",","1995":"C","1996":"A","1997":"A","1998":"C","1999":",","2000":"W","2001":"A","2002":"A","2003":"W","2004":",","2005":"C","2006":"A","2007":"A","2008":"C","2009":",","2010":"Q","2011":"A","2012":"A","2013":"Q","2014":",","2015":"C","2016":"A","2017":"A","2018":"C","2019":",","2020":"K","2021":"A","2022":"A","2023":"K","2024":",","2025":"C","2026":"A","2027":"A","2028":"C","2029":",","2030":"K","2031":"A","2032":"A","2033":"K","2034":",","2035":"C","2036":"A","2037":"A","2038":"C","2039":",","2040":"C","2041":"A","2042":"A","2043":"C","2044":";","2045":"M","2046":"A","2047":"C","2048":"5","2049":"P","2050":",","2051":"i","2052":"B","2053":"A","2054":"A","2055":"i","2056":"B","2057":",","2058":"C","2059":"A","2060":"A","2061":"C","2062":",","2063":"K","2064":"A","2065":"A","2066":"K","2067":",","2068":"G","2069":"A","2070":"A","2071":"G","2072":",","2073":"i","2074":"B","2075":"A","2076":"A","2077":"i","2078":"B","2079":";","2080":"M","2081":"A","2082":"C","2083":"3","2084":"C","2085":",","2086":"O","2087":"A","2088":"A","2089":"O","2090":",","2091":"C","2092":"A","2093":"A","2094":"C","2095":",","2096":"G","2097":"A","2098":"A","2099":"G","2100":",","2101":"C","2102":"A","2103":"A","2104":"C","2105":",","2106":"K","2107":"A","2108":"A","2109":"K","2110":",","2111":"C","2112":"A","2113":"A","2114":"C","2115":",","2116":"K","2117":"A","2118":"A","2119":"K","2120":",","2121":"C","2122":"A","2123":"A","2124":"C","2125":";","2126":"I","2127":"A","2128":"C","2129":"1","2130":"B","2131":",","2132":"C","2133":"A","2134":"A","2135":"C","2136":"\"","2137":",","2138":"\"","2139":"f","2140":"i","2141":"l","2142":"e","2143":"\"","2144":":","2145":"\"","2146":"C","2147":":","2148":"\\","2149":"\\","2150":"U","2151":"s","2152":"e","2153":"r","2154":"s","2155":"\\","2156":"\\","2157":"e","2158":"m","2159":"i","2160":"l","2161":"y","2162":"\\","2163":"\\","2164":"D","2165":"e","2166":"s","2167":"k","2168":"t","2169":"o","2170":"p","2171":"\\","2172":"\\","2173":"C","2174":"o","2175":"m","2176":"p","2177":"u","2178":"t","2179":"e","2180":"r","2181":" ","2182":"S","2183":"c","2184":"i","2185":"e","2186":"n","2187":"c","2188":"e","2189":"\\","2190":"\\","2191":"T","2192":"h","2193":"i","2194":"r","2195":"d","2196":"Y","2197":"e","2198":"a","2199":"r","2200":"-","2201":"2","2202":"0","2203":"2","2204":"3","2205":"\\","2206":"\\","2207":"1","2208":"5","2209":"9","2210":"3","2211":"5","2212":"6","2213":" ","2214":"C","2215":"a","2216":"p","2217":"s","2218":"t","2219":"o","2220":"n","2221":"e","2222":"\\","2223":"\\","2224":"m","2225":"u","2226":"s","2227":"h","2228":"r","2229":"o","2230":"o","2231":"m","2232":"_","2233":"d","2234":"b","2235":"_","2236":"a","2237":"p","2238":"p","2239":"\\","2240":"\\","2241":"p","2242":"a","2243":"g","2244":"e","2245":"s","2246":"\\","2247":"\\","2248":"i","2249":"n","2250":"d","2251":"e","2252":"x","2253":".","2254":"v","2255":"u","2256":"e","2257":"\"","2258":",","2259":"\"","2260":"s","2261":"o","2262":"u","2263":"r","2264":"c","2265":"e","2266":"s","2267":"C","2268":"o","2269":"n","2270":"t","2271":"e","2272":"n","2273":"t","2274":"\"","2275":":","2276":"[","2277":"\"","2278":"\\","2279":"r","2280":"\\","2281":"n","2282":"<","2283":"t","2284":"e","2285":"m","2286":"p","2287":"l","2288":"a","2289":"t","2290":"e","2291":">","2292":"\\","2293":"r","2294":"\\","2295":"n","2296":" ","2297":" ","2298":"<","2299":"d","2300":"i","2301":"v","2302":">","2303":"\\","2304":"r","2305":"\\","2306":"n","2307":" ","2308":" ","2309":" ","2310":" ","2311":"<","2312":"!","2313":"-","2314":"-","2315":" ","2316":"N","2317":"a","2318":"v","2319":"b","2320":"a","2321":"r","2322":" ","2323":"-","2324":"-","2325":">","2326":"\\","2327":"r","2328":"\\","2329":"n","2330":" ","2331":" ","2332":" ","2333":" ","2334":"<","2335":"n","2336":"a","2337":"v","2338":" ","2339":"c","2340":"l","2341":"a","2342":"s","2343":"s","2344":"=","2345":"\\","2346":"\"","2347":"n","2348":"a","2349":"v","2350":"b","2351":"a","2352":"r","2353":"\\","2354":"\"","2355":">","2356":"\\","2357":"r","2358":"\\","2359":"n","2360":" ","2361":" ","2362":" ","2363":" ","2364":" ","2365":" ","2366":"<","2367":"d","2368":"i","2369":"v","2370":" ","2371":"c","2372":"l","2373":"a","2374":"s","2375":"s","2376":"=","2377":"\\","2378":"\"","2379":"n","2380":"a","2381":"v","2382":"b","2383":"a","2384":"r","2385":"-","2386":"l","2387":"i","2388":"n","2389":"k","2390":"s","2391":"\\","2392":"\"","2393":">","2394":"\\","2395":"r","2396":"\\","2397":"n","2398":" ","2399":" ","2400":" ","2401":" ","2402":" ","2403":" ","2404":" ","2405":" ","2406":"<","2407":"a","2408":" ","2409":"h","2410":"r","2411":"e","2412":"f","2413":"=","2414":"\\","2415":"\"","2416":"/","2417":"\\","2418":"\"","2419":">","2420":"H","2421":"o","2422":"m","2423":"e","2424":"<","2425":"/","2426":"a","2427":">","2428":"\\","2429":"r","2430":"\\","2431":"n","2432":" ","2433":" ","2434":" ","2435":" ","2436":" ","2437":" ","2438":" ","2439":" ","2440":"<","2441":"a","2442":" ","2443":"h","2444":"r","2445":"e","2446":"f","2447":"=","2448":"\\","2449":"\"","2450":"/","2451":"a","2452":"b","2453":"o","2454":"u","2455":"t","2456":"\\","2457":"\"","2458":">","2459":"A","2460":"b","2461":"o","2462":"u","2463":"t","2464":"<","2465":"/","2466":"a","2467":">","2468":"\\","2469":"r","2470":"\\","2471":"n","2472":" ","2473":" ","2474":" ","2475":" ","2476":" ","2477":" ","2478":"<","2479":"/","2480":"d","2481":"i","2482":"v","2483":">","2484":"\\","2485":"r","2486":"\\","2487":"n","2488":" ","2489":" ","2490":" ","2491":" ","2492":" ","2493":" ","2494":"<","2495":"d","2496":"i","2497":"v","2498":" ","2499":"c","2500":"l","2501":"a","2502":"s","2503":"s","2504":"=","2505":"\\","2506":"\"","2507":"n","2508":"a","2509":"v","2510":"b","2511":"a","2512":"r","2513":"-","2514":"h","2515":"e","2516":"a","2517":"d","2518":"e","2519":"r","2520":"\\","2521":"\"","2522":">","2523":"\\","2524":"r","2525":"\\","2526":"n","2527":" ","2528":" ","2529":" ","2530":" ","2531":" ","2532":" ","2533":" ","2534":" ","2535":"<","2536":"h","2537":"1","2538":" ","2539":"c","2540":"l","2541":"a","2542":"s","2543":"s","2544":"=","2545":"\\","2546":"\"","2547":"n","2548":"a","2549":"v","2550":"b","2551":"a","2552":"r","2553":"-","2554":"t","2555":"i","2556":"t","2557":"l","2558":"e","2559":"\\","2560":"\"","2561":">","2562":"M","2563":"u","2564":"s","2565":"h","2566":"r","2567":"o","2568":"o","2569":"m","2570":" ","2571":"F","2572":"i","2573":"n","2574":"d","2575":"e","2576":"r","2577":"<","2578":"/","2579":"h","2580":"1","2581":">","2582":"\\","2583":"r","2584":"\\","2585":"n","2586":" ","2587":" ","2588":" ","2589":" ","2590":" ","2591":" ","2592":"<","2593":"/","2594":"d","2595":"i","2596":"v","2597":">","2598":"\\","2599":"r","2600":"\\","2601":"n","2602":" ","2603":" ","2604":" ","2605":" ","2606":" ","2607":" ","2608":"\\","2609":"r","2610":"\\","2611":"n","2612":" ","2613":" ","2614":" ","2615":" ","2616":" ","2617":" ","2618":"<","2619":"d","2620":"i","2621":"v","2622":" ","2623":"c","2624":"l","2625":"a","2626":"s","2627":"s","2628":"=","2629":"\\","2630":"\"","2631":"n","2632":"a","2633":"v","2634":"b","2635":"a","2636":"r","2637":"-","2638":"s","2639":"e","2640":"a","2641":"r","2642":"c","2643":"h","2644":"\\","2645":"\"","2646":">","2647":"\\","2648":"r","2649":"\\","2650":"n","2651":" ","2652":" ","2653":" ","2654":" ","2655":" ","2656":" ","2657":" ","2658":" ","2659":"<","2660":"i","2661":"n","2662":"p","2663":"u","2664":"t","2665":" ","2666":"t","2667":"y","2668":"p","2669":"e","2670":"=","2671":"\\","2672":"\"","2673":"t","2674":"e","2675":"x","2676":"t","2677":"\\","2678":"\"","2679":" ","2680":"p","2681":"l","2682":"a","2683":"c","2684":"e","2685":"h","2686":"o","2687":"l","2688":"d","2689":"e","2690":"r","2691":"=","2692":"\\","2693":"\"","2694":"S","2695":"e","2696":"a","2697":"r","2698":"c","2699":"h","2700":".","2701":".","2702":".","2703":"\\","2704":"\"","2705":">","2706":"\\","2707":"r","2708":"\\","2709":"n","2710":" ","2711":" ","2712":" ","2713":" ","2714":" ","2715":" ","2716":" ","2717":" ","2718":"<","2719":"b","2720":"u","2721":"t","2722":"t","2723":"o","2724":"n","2725":">","2726":"S","2727":"e","2728":"a","2729":"r","2730":"c","2731":"h","2732":"<","2733":"/","2734":"b","2735":"u","2736":"t","2737":"t","2738":"o","2739":"n","2740":">","2741":"\\","2742":"r","2743":"\\","2744":"n","2745":" ","2746":" ","2747":" ","2748":" ","2749":" ","2750":" ","2751":"<","2752":"/","2753":"d","2754":"i","2755":"v","2756":">","2757":"\\","2758":"r","2759":"\\","2760":"n","2761":" ","2762":" ","2763":" ","2764":" ","2765":"<","2766":"/","2767":"n","2768":"a","2769":"v","2770":">","2771":"\\","2772":"r","2773":"\\","2774":"n","2775":"\\","2776":"r","2777":"\\","2778":"n","2779":" ","2780":" ","2781":" ","2782":" ","2783":"<","2784":"!","2785":"-","2786":"-","2787":" ","2788":"M","2789":"a","2790":"i","2791":"n","2792":" ","2793":"c","2794":"o","2795":"n","2796":"t","2797":"e","2798":"n","2799":"t","2800":" ","2801":"-","2802":"-","2803":">","2804":"\\","2805":"r","2806":"\\","2807":"n","2808":" ","2809":" ","2810":" ","2811":" ","2812":"<","2813":"d","2814":"i","2815":"v","2816":" ","2817":"c","2818":"l","2819":"a","2820":"s","2821":"s","2822":"=","2823":"\\","2824":"\"","2825":"m","2826":"a","2827":"i","2828":"n","2829":"-","2830":"c","2831":"o","2832":"n","2833":"t","2834":"e","2835":"n","2836":"t","2837":"\\","2838":"\"","2839":">","2840":"\\","2841":"r","2842":"\\","2843":"n","2844":" ","2845":" ","2846":" ","2847":" ","2848":" ","2849":" ","2850":"<","2851":"!","2852":"-","2853":"-","2854":" ","2855":"F","2856":"i","2857":"l","2858":"t","2859":"e","2860":"r","2861":" ","2862":"p","2863":"a","2864":"n","2865":"e","2866":"l","2867":" ","2868":"-","2869":"-","2870":">","2871":"\\","2872":"r","2873":"\\","2874":"n","2875":" ","2876":" ","2877":" ","2878":" ","2879":" ","2880":" ","2881":"<","2882":"a","2883":"s","2884":"i","2885":"d","2886":"e","2887":" ","2888":"c","2889":"l","2890":"a","2891":"s","2892":"s","2893":"=","2894":"\\","2895":"\"","2896":"f","2897":"i","2898":"l","2899":"t","2900":"e","2901":"r","2902":"-","2903":"p","2904":"a","2905":"n","2906":"e","2907":"l","2908":"\\","2909":"\"","2910":">","2911":"\\","2912":"r","2913":"\\","2914":"n","2915":" ","2916":" ","2917":" ","2918":" ","2919":" ","2920":" ","2921":" ","2922":" ","2923":"<","2924":"d","2925":"i","2926":"v","2927":" ","2928":"i","2929":"d","2930":"=","2931":"\\","2932":"\"","2933":"m","2934":"u","2935":"s","2936":"h","2937":"r","2938":"o","2939":"o","2940":"m","2941":"-","2942":"i","2943":"d","2944":"e","2945":"n","2946":"t","2947":"i","2948":"f","2949":"i","2950":"c","2951":"a","2952":"t","2953":"i","2954":"o","2955":"n","2956":"\\","2957":"\"","2958":">","2959":"\\","2960":"r","2961":"\\","2962":"n","2963":" ","2964":" ","2965":" ","2966":" ","2967":" ","2968":" ","2969":" ","2970":" ","2971":" ","2972":" ","2973":"<","2974":"h","2975":"2","2976":">","2977":"M","2978":"u","2979":"s","2980":"h","2981":"r","2982":"o","2983":"o","2984":"m","2985":" ","2986":"I","2987":"d","2988":"e","2989":"n","2990":"t","2991":"i","2992":"f","2993":"i","2994":"c","2995":"a","2996":"t","2997":"i","2998":"o","2999":"n","3000":"<","3001":"/","3002":"h","3003":"2","3004":">","3005":"\\","3006":"r","3007":"\\","3008":"n","3009":" ","3010":" ","3011":" ","3012":" ","3013":" ","3014":" ","3015":" ","3016":" ","3017":" ","3018":" ","3019":"<","3020":"i","3021":"n","3022":"p","3023":"u","3024":"t","3025":" ","3026":"v","3027":"-","3028":"m","3029":"o","3030":"d","3031":"e","3032":"l","3033":"=","3034":"\\","3035":"\"","3036":"t","3037":"e","3038":"x","3039":"t","3040":"\\","3041":"\"","3042":">","3043":"\\","3044":"r","3045":"\\","3046":"n","3047":" ","3048":" ","3049":" ","3050":" ","3051":" ","3052":" ","3053":" ","3054":" ","3055":"<","3056":"/","3057":"d","3058":"i","3059":"v","3060":">","3061":"\\","3062":"r","3063":"\\","3064":"n","3065":" ","3066":" ","3067":" ","3068":" ","3069":" ","3070":" ","3071":" ","3072":" ","3073":"<","3074":"d","3075":"i","3076":"v","3077":" ","3078":"i","3079":"d","3080":"=","3081":"\\","3082":"\"","3083":"a","3084":"d","3085":"v","3086":"a","3087":"n","3088":"c","3089":"e","3090":"d","3091":"-","3092":"s","3093":"e","3094":"a","3095":"r","3096":"c","3097":"h","3098":"\\","3099":"\"","3100":">","3101":"\\","3102":"r","3103":"\\","3104":"n","3105":" ","3106":" ","3107":" ","3108":" ","3109":" ","3110":" ","3111":" ","3112":" ","3113":" ","3114":" ","3115":"<","3116":"h","3117":"2","3118":">","3119":"A","3120":"d","3121":"v","3122":"a","3123":"n","3124":"c","3125":"e","3126":"d","3127":" ","3128":"S","3129":"e","3130":"a","3131":"r","3132":"c","3133":"h","3134":"<","3135":"/","3136":"h","3137":"2","3138":">","3139":"\\","3140":"r","3141":"\\","3142":"n","3143":" ","3144":" ","3145":" ","3146":" ","3147":" ","3148":" ","3149":" ","3150":" ","3151":" ","3152":" ","3153":"<","3154":"h","3155":"3","3156":">","3157":"S","3158":"i","3159":"z","3160":"e","3161":"<","3162":"/","3163":"h","3164":"3","3165":">","3166":"\\","3167":"r","3168":"\\","3169":"n","3170":" ","3171":" ","3172":" ","3173":" ","3174":" ","3175":" ","3176":" ","3177":" ","3178":" ","3179":" ","3180":"<","3181":"i","3182":"n","3183":"p","3184":"u","3185":"t","3186":" ","3187":"v","3188":"-","3189":"m","3190":"o","3191":"d","3192":"e","3193":"l","3194":"=","3195":"\\","3196":"\"","3197":"t","3198":"e","3199":"x","3200":"t","3201":"2","3202":"\\","3203":"\"","3204":">","3205":"\\","3206":"r","3207":"\\","3208":"n","3209":" ","3210":" ","3211":" ","3212":" ","3213":" ","3214":" ","3215":" ","3216":" ","3217":" ","3218":" ","3219":"<","3220":"h","3221":"3","3222":">","3223":"C","3224":"o","3225":"l","3226":"o","3227":"u","3228":"r","3229":"<","3230":"/","3231":"h","3232":"3","3233":">","3234":"\\","3235":"r","3236":"\\","3237":"n","3238":" ","3239":" ","3240":" ","3241":" ","3242":" ","3243":" ","3244":" ","3245":" ","3246":" ","3247":" ","3248":"<","3249":"i","3250":"n","3251":"p","3252":"u","3253":"t","3254":" ","3255":"v","3256":"-","3257":"m","3258":"o","3259":"d","3260":"e","3261":"l","3262":"=","3263":"\\","3264":"\"","3265":"t","3266":"e","3267":"x","3268":"t","3269":"3","3270":"\\","3271":"\"","3272":">","3273":"\\","3274":"r","3275":"\\","3276":"n","3277":" ","3278":" ","3279":" ","3280":" ","3281":" ","3282":" ","3283":" ","3284":" ","3285":" ","3286":" ","3287":"<","3288":"h","3289":"3","3290":">","3291":"E","3292":"n","3293":"v","3294":"i","3295":"r","3296":"o","3297":"n","3298":"m","3299":"e","3300":"n","3301":"t","3302":"<","3303":"/","3304":"h","3305":"3","3306":">","3307":"\\","3308":"r","3309":"\\","3310":"n","3311":" ","3312":" ","3313":" ","3314":" ","3315":" ","3316":" ","3317":" ","3318":" ","3319":" ","3320":" ","3321":"<","3322":"i","3323":"n","3324":"p","3325":"u","3326":"t","3327":" ","3328":"v","3329":"-","3330":"m","3331":"o","3332":"d","3333":"e","3334":"l","3335":"=","3336":"\\","3337":"\"","3338":"t","3339":"e","3340":"x","3341":"t","3342":"4","3343":"\\","3344":"\"","3345":">","3346":"\\","3347":"r","3348":"\\","3349":"n","3350":" ","3351":" ","3352":" ","3353":" ","3354":" ","3355":" ","3356":" ","3357":" ","3358":" ","3359":" ","3360":"<","3361":"h","3362":"3","3363":">","3364":"T","3365":"i","3366":"m","3367":"e","3368":" ","3369":"o","3370":"f","3371":" ","3372":"Y","3373":"e","3374":"a","3375":"r","3376":"<","3377":"/","3378":"h","3379":"3","3380":">","3381":"\\","3382":"r","3383":"\\","3384":"n","3385":" ","3386":" ","3387":" ","3388":" ","3389":" ","3390":" ","3391":" ","3392":" ","3393":" ","3394":" ","3395":"<","3396":"i","3397":"n","3398":"p","3399":"u","3400":"t","3401":" ","3402":"v","3403":"-","3404":"m","3405":"o","3406":"d","3407":"e","3408":"l","3409":"=","3410":"\\","3411":"\"","3412":"t","3413":"e","3414":"x","3415":"t","3416":"5","3417":"\\","3418":"\"","3419":">","3420":"\\","3421":"r","3422":"\\","3423":"n","3424":" ","3425":" ","3426":" ","3427":" ","3428":" ","3429":" ","3430":" ","3431":" ","3432":" ","3433":" ","3434":"<","3435":"b","3436":"u","3437":"t","3438":"t","3439":"o","3440":"n","3441":" ","3442":"@","3443":"c","3444":"l","3445":"i","3446":"c","3447":"k","3448":"=","3449":"\\","3450":"\"","3451":"s","3452":"e","3453":"a","3454":"r","3455":"c","3456":"h","3457":"M","3458":"u","3459":"s","3460":"h","3461":"r","3462":"o","3463":"o","3464":"m","3465":"s","3466":"\\","3467":"\"","3468":">","3469":"T","3470":"e","3471":"s","3472":"t","3473":" ","3474":"S","3475":"e","3476":"a","3477":"r","3478":"c","3479":"h","3480":" ","3481":"B","3482":"u","3483":"t","3484":"t","3485":"o","3486":"n","3487":"<","3488":"/","3489":"b","3490":"u","3491":"t","3492":"t","3493":"o","3494":"n","3495":">","3496":"\\","3497":"r","3498":"\\","3499":"n","3500":" ","3501":" ","3502":" ","3503":" ","3504":" ","3505":" ","3506":" ","3507":" ","3508":" ","3509":" ","3510":"<","3511":"h","3512":"3","3513":">","3514":"T","3515":"a","3516":"g","3517":"s","3518":"<","3519":"/","3520":"h","3521":"3","3522":">","3523":"\\","3524":"r","3525":"\\","3526":"n","3527":" ","3528":" ","3529":" ","3530":" ","3531":" ","3532":" ","3533":" ","3534":" ","3535":" ","3536":" ","3537":"<","3538":"s","3539":"e","3540":"l","3541":"e","3542":"c","3543":"t","3544":" ","3545":"v","3546":"-","3547":"m","3548":"o","3549":"d","3550":"e","3551":"l","3552":"=","3553":"\\","3554":"\"","3555":"s","3556":"e","3557":"l","3558":"e","3559":"c","3560":"t","3561":"e","3562":"d","3563":"T","3564":"a","3565":"g","3566":"s","3567":"\\","3568":"\"","3569":" ","3570":"m","3571":"u","3572":"l","3573":"t","3574":"i","3575":"p","3576":"l","3577":"e","3578":">","3579":"\\","3580":"r","3581":"\\","3582":"n","3583":" ","3584":" ","3585":" ","3586":" ","3587":" ","3588":" ","3589":" ","3590":" ","3591":" ","3592":" ","3593":" ","3594":" ","3595":"<","3596":"o","3597":"p","3598":"t","3599":"i","3600":"o","3601":"n","3602":" ","3603":"v","3604":"-","3605":"f","3606":"o","3607":"r","3608":"=","3609":"\\","3610":"\"","3611":"t","3612":"a","3613":"g","3614":" ","3615":"i","3616":"n","3617":" ","3618":"a","3619":"v","3620":"a","3621":"i","3622":"l","3623":"a","3624":"b","3625":"l","3626":"e","3627":"T","3628":"a","3629":"g","3630":"s","3631":"\\","3632":"\"","3633":" ","3634":":","3635":"k","3636":"e","3637":"y","3638":"=","3639":"\\","3640":"\"","3641":"t","3642":"a","3643":"g","3644":"\\","3645":"\"","3646":" ","3647":":","3648":"v","3649":"a","3650":"l","3651":"u","3652":"e","3653":"=","3654":"\\","3655":"\"","3656":"t","3657":"a","3658":"g","3659":"\\","3660":"\"","3661":">","3662":"{","3663":"{","3664":" ","3665":"c","3666":"a","3667":"p","3668":"i","3669":"t","3670":"a","3671":"l","3672":"i","3673":"z","3674":"e","3675":"(","3676":"t","3677":"a","3678":"g","3679":")","3680":" ","3681":"}","3682":"}","3683":"<","3684":"/","3685":"o","3686":"p","3687":"t","3688":"i","3689":"o","3690":"n","3691":">","3692":"\\","3693":"r","3694":"\\","3695":"n","3696":" ","3697":" ","3698":" ","3699":" ","3700":" ","3701":" ","3702":" ","3703":" ","3704":" ","3705":" ","3706":"<","3707":"/","3708":"s","3709":"e","3710":"l","3711":"e","3712":"c","3713":"t","3714":">","3715":"\\","3716":"r","3717":"\\","3718":"n","3719":" ","3720":" ","3721":" ","3722":" ","3723":" ","3724":" ","3725":" ","3726":" ","3727":" ","3728":" ","3729":"<","3730":"b","3731":"r","3732":">","3733":"\\","3734":"r","3735":"\\","3736":"n","3737":" ","3738":" ","3739":" ","3740":" ","3741":" ","3742":" ","3743":" ","3744":" ","3745":" ","3746":" ","3747":"<","3748":"b","3749":"u","3750":"t","3751":"t","3752":"o","3753":"n","3754":" ","3755":"@","3756":"c","3757":"l","3758":"i","3759":"c","3760":"k","3761":"=","3762":"\\","3763":"\"","3764":"f","3765":"i","3766":"l","3767":"t","3768":"e","3769":"r","3770":"M","3771":"u","3772":"s","3773":"h","3774":"r","3775":"o","3776":"o","3777":"m","3778":"s","3779":"\\","3780":"\"","3781":">","3782":"A","3783":"p","3784":"p","3785":"l","3786":"y","3787":" ","3788":"F","3789":"i","3790":"l","3791":"t","3792":"e","3793":"r","3794":"s","3795":"<","3796":"/","3797":"b","3798":"u","3799":"t","3800":"t","3801":"o","3802":"n","3803":">","3804":"\\","3805":"r","3806":"\\","3807":"n","3808":" ","3809":" ","3810":" ","3811":" ","3812":" ","3813":" ","3814":" ","3815":" ","3816":"<","3817":"/","3818":"d","3819":"i","3820":"v","3821":">","3822":"\\","3823":"r","3824":"\\","3825":"n","3826":" ","3827":" ","3828":" ","3829":" ","3830":" ","3831":" ","3832":" ","3833":" ","3834":"<","3835":"h","3836":"r","3837":">","3838":"\\","3839":"r","3840":"\\","3841":"n","3842":" ","3843":" ","3844":" ","3845":" ","3846":" ","3847":" ","3848":" ","3849":" ","3850":"<","3851":"d","3852":"i","3853":"v","3854":" ","3855":"i","3856":"d","3857":"=","3858":"\\","3859":"\"","3860":"m","3861":"u","3862":"s","3863":"h","3864":"r","3865":"o","3866":"o","3867":"m","3868":"-","3869":"n","3870":"a","3871":"m","3872":"e","3873":"\\","3874":"\"","3875":">","3876":"\\","3877":"r","3878":"\\","3879":"n","3880":" ","3881":" ","3882":" ","3883":" ","3884":" ","3885":" ","3886":" ","3887":" ","3888":" ","3889":" ","3890":"<","3891":"h","3892":"2","3893":" ","3894":"v","3895":"-","3896":"i","3897":"f","3898":"=","3899":"\\","3900":"\"","3901":"f","3902":"i","3903":"l","3904":"t","3905":"e","3906":"r","3907":"e","3908":"d","3909":"M","3910":"u","3911":"s","3912":"h","3913":"r","3914":"o","3915":"o","3916":"m","3917":"s","3918":".","3919":"l","3920":"e","3921":"n","3922":"g","3923":"t","3924":"h","3925":" ","3926":">","3927":" ","3928":"0","3929":"\\","3930":"\"","3931":">","3932":"F","3933":"i","3934":"l","3935":"t","3936":"e","3937":"r","3938":"e","3939":"d","3940":" ","3941":"R","3942":"e","3943":"s","3944":"u","3945":"l","3946":"t","3947":"s","3948":"<","3949":"/","3950":"h","3951":"2","3952":">","3953":"\\","3954":"r","3955":"\\","3956":"n","3957":" ","3958":" ","3959":" ","3960":" ","3961":" ","3962":" ","3963":" ","3964":" ","3965":" ","3966":" ","3967":" ","3968":" ","3969":"<","3970":"u","3971":"l","3972":" ","3973":"v","3974":"-","3975":"i","3976":"f","3977":"=","3978":"\\","3979":"\"","3980":"f","3981":"i","3982":"l","3983":"t","3984":"e","3985":"r","3986":"e","3987":"d","3988":"M","3989":"u","3990":"s","3991":"h","3992":"r","3993":"o","3994":"o","3995":"m","3996":"s","3997":".","3998":"l","3999":"e","4000":"n","4001":"g","4002":"t","4003":"h","4004":" ","4005":">","4006":" ","4007":"0","4008":"\\","4009":"\"","4010":">","4011":"\\","4012":"r","4013":"\\","4014":"n","4015":" ","4016":" ","4017":" ","4018":" ","4019":" ","4020":" ","4021":" ","4022":" ","4023":" ","4024":" ","4025":" ","4026":" ","4027":" ","4028":" ","4029":"<","4030":"l","4031":"i","4032":" ","4033":"v","4034":"-","4035":"f","4036":"o","4037":"r","4038":"=","4039":"\\","4040":"\"","4041":"m","4042":"u","4043":"s","4044":"h","4045":"r","4046":"o","4047":"o","4048":"m","4049":" ","4050":"i","4051":"n","4052":" ","4053":"f","4054":"i","4055":"l","4056":"t","4057":"e","4058":"r","4059":"e","4060":"d","4061":"M","4062":"u","4063":"s","4064":"h","4065":"r","4066":"o","4067":"o","4068":"m","4069":"s","4070":"\\","4071":"\"","4072":" ","4073":":","4074":"k","4075":"e","4076":"y","4077":"=","4078":"\\","4079":"\"","4080":"m","4081":"u","4082":"s","4083":"h","4084":"r","4085":"o","4086":"o","4087":"m","4088":".","4089":"i","4090":"d","4091":"\\","4092":"\"","4093":">","4094":"\\","4095":"r","4096":"\\","4097":"n","4098":" ","4099":" ","4100":" ","4101":" ","4102":" ","4103":" ","4104":" ","4105":" ","4106":" ","4107":" ","4108":" ","4109":" ","4110":" ","4111":" ","4112":" ","4113":" ","4114":"<","4115":"h","4116":"2","4117":">","4118":"{","4119":"{","4120":" ","4121":"m","4122":"u","4123":"s","4124":"h","4125":"r","4126":"o","4127":"o","4128":"m","4129":".","4130":"c","4131":"o","4132":"m","4133":"m","4134":"o","4135":"n","4136":"_","4137":"n","4138":"a","4139":"m","4140":"e","4141":"s","4142":" ","4143":"}","4144":"}","4145":"<","4146":"/","4147":"h","4148":"2","4149":">","4150":"\\","4151":"r","4152":"\\","4153":"n","4154":" ","4155":" ","4156":" ","4157":" ","4158":" ","4159":" ","4160":" ","4161":" ","4162":" ","4163":" ","4164":" ","4165":" ","4166":" ","4167":" ","4168":" ","4169":" ","4170":"<","4171":"p","4172":">","4173":"{","4174":"{","4175":" ","4176":"m","4177":"u","4178":"s","4179":"h","4180":"r","4181":"o","4182":"o","4183":"m","4184":".","4185":"d","4186":"e","4187":"s","4188":"c","4189":"r","4190":"i","4191":"p","4192":"t","4193":"i","4194":"o","4195":"n","4196":" ","4197":"}","4198":"}","4199":"<","4200":"/","4201":"p","4202":">","4203":"\\","4204":"r","4205":"\\","4206":"n","4207":" ","4208":" ","4209":" ","4210":" ","4211":" ","4212":" ","4213":" ","4214":" ","4215":" ","4216":" ","4217":" ","4218":" ","4219":" ","4220":" ","4221":" ","4222":" ","4223":"<","4224":"p","4225":">","4226":"E","4227":"d","4228":"i","4229":"b","4230":"i","4231":"l","4232":"i","4233":"t","4234":"y","4235":":","4236":" ","4237":"{","4238":"{","4239":" ","4240":"m","4241":"u","4242":"s","4243":"h","4244":"r","4245":"o","4246":"o","4247":"m","4248":".","4249":"e","4250":"d","4251":"i","4252":"b","4253":"i","4254":"l","4255":"i","4256":"t","4257":"y","4258":" ","4259":"}","4260":"}","4261":"<","4262":"/","4263":"p","4264":">","4265":"\\","4266":"r","4267":"\\","4268":"n","4269":" ","4270":" ","4271":" ","4272":" ","4273":" ","4274":" ","4275":" ","4276":" ","4277":" ","4278":" ","4279":" ","4280":" ","4281":" ","4282":" ","4283":" ","4284":" ","4285":"<","4286":"b","4287":"u","4288":"t","4289":"t","4290":"o","4291":"n","4292":">","4293":"V","4294":"i","4295":"e","4296":"w","4297":" ","4298":"D","4299":"e","4300":"t","4301":"a","4302":"i","4303":"l","4304":"s","4305":"<","4306":"/","4307":"b","4308":"u","4309":"t","4310":"t","4311":"o","4312":"n","4313":">","4314":"\\","4315":"r","4316":"\\","4317":"n","4318":" ","4319":" ","4320":" ","4321":" ","4322":" ","4323":" ","4324":" ","4325":" ","4326":" ","4327":" ","4328":" ","4329":" ","4330":" ","4331":" ","4332":"<","4333":"/","4334":"l","4335":"i","4336":">","4337":"\\","4338":"r","4339":"\\","4340":"n","4341":" ","4342":" ","4343":" ","4344":" ","4345":" ","4346":" ","4347":" ","4348":" ","4349":" ","4350":" ","4351":" ","4352":" ","4353":"<","4354":"/","4355":"u","4356":"l","4357":">","4358":"\\","4359":"r","4360":"\\","4361":"n","4362":" ","4363":" ","4364":" ","4365":" ","4366":" ","4367":" ","4368":" ","4369":" ","4370":" ","4371":" ","4372":" ","4373":" ","4374":"<","4375":"p","4376":" ","4377":"v","4378":"-","4379":"e","4380":"l","4381":"s","4382":"e","4383":">","4384":"N","4385":"o","4386":" ","4387":"f","4388":"i","4389":"l","4390":"t","4391":"e","4392":"r","4393":" ","4394":"s","4395":"e","4396":"l","4397":"e","4398":"c","4399":"t","4400":"e","4401":"d","4402":"<","4403":"/","4404":"p","4405":">","4406":"\\","4407":"r","4408":"\\","4409":"n","4410":" ","4411":" ","4412":" ","4413":" ","4414":" ","4415":" ","4416":" ","4417":" ","4418":"<","4419":"/","4420":"d","4421":"i","4422":"v","4423":">","4424":"\\","4425":"r","4426":"\\","4427":"n","4428":" ","4429":" ","4430":" ","4431":" ","4432":" ","4433":" ","4434":"<","4435":"/","4436":"a","4437":"s","4438":"i","4439":"d","4440":"e","4441":">","4442":"\\","4443":"r","4444":"\\","4445":"n","4446":"\\","4447":"r","4448":"\\","4449":"n","4450":" ","4451":" ","4452":" ","4453":" ","4454":" ","4455":" ","4456":"<","4457":"!","4458":"-","4459":"-","4460":" ","4461":"M","4462":"a","4463":"i","4464":"n","4465":" ","4466":"c","4467":"o","4468":"n","4469":"t","4470":"e","4471":"n","4472":"t","4473":" ","4474":"s","4475":"e","4476":"c","4477":"t","4478":"i","4479":"o","4480":"n","4481":" ","4482":"-","4483":"-","4484":">","4485":"\\","4486":"r","4487":"\\","4488":"n","4489":" ","4490":" ","4491":" ","4492":" ","4493":" ","4494":" ","4495":"<","4496":"m","4497":"a","4498":"i","4499":"n","4500":" ","4501":"c","4502":"l","4503":"a","4504":"s","4505":"s","4506":"=","4507":"\\","4508":"\"","4509":"l","4510":"a","4511":"n","4512":"d","4513":"i","4514":"n","4515":"g","4516":"-","4517":"c","4518":"o","4519":"n","4520":"t","4521":"e","4522":"n","4523":"t","4524":"\\","4525":"\"","4526":">","4527":"\\","4528":"r","4529":"\\","4530":"n","4531":" ","4532":" ","4533":" ","4534":" ","4535":" ","4536":" ","4537":" ","4538":" ","4539":"<","4540":"!","4541":"-","4542":"-","4543":" ","4544":"L","4545":"a","4546":"n","4547":"d","4548":"i","4549":"n","4550":"g","4551":" ","4552":"p","4553":"a","4554":"g","4555":"e","4556":" ","4557":"c","4558":"o","4559":"n","4560":"t","4561":"e","4562":"n","4563":"t","4564":" ","4565":"h","4566":"e","4567":"r","4568":"e","4569":" ","4570":"-","4571":"-","4572":">","4573":"\\","4574":"r","4575":"\\","4576":"n","4577":" ","4578":" ","4579":" ","4580":" ","4581":" ","4582":" ","4583":" ","4584":" ","4585":"<","4586":"h","4587":"1","4588":">","4589":"W","4590":"e","4591":"l","4592":"c","4593":"o","4594":"m","4595":"e","4596":" ","4597":"t","4598":"o","4599":" ","4600":"M","4601":"u","4602":"s","4603":"h","4604":"r","4605":"o","4606":"o","4607":"m","4608":" ","4609":"F","4610":"i","4611":"n","4612":"d","4613":"e","4614":"r","4615":"<","4616":"/","4617":"h","4618":"1","4619":">","4620":"\\","4621":"r","4622":"\\","4623":"n","4624":" ","4625":" ","4626":" ","4627":" ","4628":" ","4629":" ","4630":" ","4631":" ","4632":"<","4633":"p","4634":">","4635":"\\","4636":"r","4637":"\\","4638":"n","4639":" ","4640":" ","4641":" ","4642":" ","4643":" ","4644":" ","4645":" ","4646":" ","4647":" ","4648":" ","4649":"T","4650":"h","4651":"e","4652":"r","4653":"e","4654":" ","4655":"a","4656":"r","4657":"e","4658":" ","4659":"l","4660":"o","4661":"t","4662":"s","4663":" ","4664":"o","4665":"f","4666":" ","4667":"i","4668":"n","4669":"t","4670":"e","4671":"r","4672":"e","4673":"s","4674":"t","4675":"i","4676":"n","4677":"g","4678":" ","4679":"m","4680":"u","4681":"s","4682":"h","4683":"r","4684":"o","4685":"o","4686":"m","4687":"s","4688":" ","4689":"t","4690":"o","4691":" ","4692":"d","4693":"i","4694":"s","4695":"c","4696":"o","4697":"v","4698":"e","4699":"r","4700":" ","4701":"a","4702":"l","4703":"l","4704":" ","4705":"a","4706":"r","4707":"o","4708":"u","4709":"n","4710":"d","4711":" ","4712":"w","4713":"h","4714":"e","4715":"r","4716":"e","4717":" ","4718":"w","4719":"e","4720":" ","4721":"l","4722":"i","4723":"v","4724":"e","4725":".","4726":" ","4727":"I","4728":"'","4729":"v","4730":"e","4731":" ","4732":"s","4733":"e","4734":"e","4735":"n","4736":" ","4737":"a","4738":"t","4739":" ","4740":"l","4741":"e","4742":"a","4743":"s","4744":"t","4745":" ","4746":"1","4747":"0","4748":"\\","4749":"r","4750":"\\","4751":"n","4752":" ","4753":" ","4754":" ","4755":" ","4756":" ","4757":" ","4758":" ","4759":" ","4760":" ","4761":" ","4762":"d","4763":"i","4764":"f","4765":"f","4766":"e","4767":"r","4768":"e","4769":"n","4770":"t","4771":" ","4772":"s","4773":"p","4774":"e","4775":"c","4776":"i","4777":"e","4778":"s","4779":" ","4780":"i","4781":"n","4782":" ","4783":"m","4784":"y","4785":" ","4786":"b","4787":"a","4788":"c","4789":"k","4790":" ","4791":"y","4792":"a","4793":"r","4794":"d","4795":" ","4796":"t","4797":"h","4798":"e","4799":" ","4800":"l","4801":"a","4802":"s","4803":"t","4804":" ","4805":"m","4806":"o","4807":"n","4808":"t","4809":"h","4810":" ","4811":"o","4812":"r","4813":" ","4814":"s","4815":"o","4816":".","4817":" ","4818":"O","4819":"n","4820":"l","4821":"y","4822":" ","4823":"o","4824":"n","4825":"e","4826":" ","4827":"o","4828":"f","4829":" ","4830":"t","4831":"h","4832":"o","4833":"s","4834":"e","4835":" ","4836":"i","4837":"s","4838":" ","4839":"e","4840":"d","4841":"i","4842":"b","4843":"l","4844":"e","4845":".","4846":" ","4847":"M","4848":"u","4849":"s","4850":"h","4851":"r","4852":"o","4853":"o","4854":"m","4855":"\\","4856":"r","4857":"\\","4858":"n","4859":" ","4860":" ","4861":" ","4862":" ","4863":" ","4864":" ","4865":" ","4866":" ","4867":" ","4868":" ","4869":"i","4870":"d","4871":"e","4872":"n","4873":"t","4874":"i","4875":"f","4876":"i","4877":"c","4878":"a","4879":"t","4880":"i","4881":"o","4882":"n","4883":" ","4884":"i","4885":"s","4886":" ","4887":"t","4888":"r","4889":"i","4890":"c","4891":"k","4892":"y","4893":".","4894":" ","4895":"T","4896":"h","4897":"e","4898":"r","4899":"e","4900":" ","4901":"a","4902":"r","4903":"e","4904":" ","4905":"o","4906":"f","4907":"t","4908":"e","4909":"n","4910":" ","4911":"o","4912":"n","4913":"l","4914":"y","4915":" ","4916":"s","4917":"u","4918":"b","4919":"t","4920":"l","4921":"e","4922":" ","4923":"d","4924":"i","4925":"f","4926":"f","4927":"e","4928":"r","4929":"e","4930":"n","4931":"c","4932":"e","4933":"s","4934":" ","4935":"b","4936":"e","4937":"t","4938":"w","4939":"e","4940":"e","4941":"n","4942":" ","4943":"s","4944":"o","4945":"m","4946":"e","4947":"t","4948":"h","4949":"i","4950":"n","4951":"g","4952":" ","4953":"d","4954":"e","4955":"l","4956":"i","4957":"c","4958":"i","4959":"o","4960":"u","4961":"s","4962":" ","4963":"a","4964":"n","4965":"d","4966":" ","4967":"a","4968":" ","4969":"d","4970":"a","4971":"y","4972":"\\","4973":"r","4974":"\\","4975":"n","4976":" ","4977":" ","4978":" ","4979":" ","4980":" ","4981":" ","4982":" ","4983":" ","4984":" ","4985":" ","4986":"o","4987":"r","4988":" ","4989":"t","4990":"w","4991":"o","4992":" ","4993":"o","4994":"f","4995":" ","4996":"\\","4997":"\"","4998":"s","4999":"e","5000":"v","5001":"e","5002":"r","5003":"e","5004":" ","5005":"g","5006":"a","5007":"s","5008":"t","5009":"r","5010":"o","5011":"i","5012":"n","5013":"t","5014":"e","5015":"s","5016":"t","5017":"i","5018":"n","5019":"a","5020":"l","5021":" ","5022":"d","5023":"i","5024":"s","5025":"t","5026":"r","5027":"e","5028":"s","5029":"s","5030":"\\","5031":"\"","5032":".","5033":" ","5034":"O","5035":"n","5036":"e","5037":" ","5038":"t","5039":"o","5040":" ","5041":"t","5042":"w","5043":"o","5044":" ","5045":"s","5046":"p","5047":"e","5048":"c","5049":"i","5050":"e","5051":"s","5052":" ","5053":"c","5054":"a","5055":"n","5056":" ","5057":"k","5058":"i","5059":"l","5060":"l","5061":" ","5062":"y","5063":"o","5064":"u","5065":",","5066":" ","5067":"b","5068":"u","5069":"t","5070":" ","5071":"i","5072":"t","5073":"'","5074":"s","5075":" ","5076":"a","5077":" ","5078":"w","5079":"e","5080":"e","5081":"k","5082":" ","5083":"b","5084":"e","5085":"f","5086":"o","5087":"r","5088":"e","5089":"\\","5090":"r","5091":"\\","5092":"n","5093":" ","5094":" ","5095":" ","5096":" ","5097":" ","5098":" ","5099":" ","5100":" ","5101":" ","5102":" ","5103":"y","5104":"o","5105":"u","5106":" ","5107":"s","5108":"t","5109":"a","5110":"r","5111":"t","5112":" ","5113":"t","5114":"o","5115":" ","5116":"f","5117":"e","5118":"e","5119":"l","5120":" ","5121":"s","5122":"y","5123":"m","5124":"p","5125":"t","5126":"o","5127":"m","5128":"s","5129":".","5130":"\\","5131":"r","5132":"\\","5133":"n","5134":" ","5135":" ","5136":" ","5137":" ","5138":" ","5139":" ","5140":" ","5141":" ","5142":"<","5143":"/","5144":"p","5145":">","5146":"\\","5147":"r","5148":"\\","5149":"n","5150":" ","5151":" ","5152":" ","5153":" ","5154":" ","5155":" ","5156":"<","5157":"/","5158":"m","5159":"a","5160":"i","5161":"n","5162":">","5163":"\\","5164":"r","5165":"\\","5166":"n","5167":" ","5168":" ","5169":" ","5170":" ","5171":"<","5172":"/","5173":"d","5174":"i","5175":"v","5176":">","5177":"\\","5178":"r","5179":"\\","5180":"n","5181":" ","5182":" ","5183":"<","5184":"/","5185":"d","5186":"i","5187":"v","5188":">","5189":"\\","5190":"r","5191":"\\","5192":"n","5193":"<","5194":"/","5195":"t","5196":"e","5197":"m","5198":"p","5199":"l","5200":"a","5201":"t","5202":"e","5203":">","5204":"\\","5205":"r","5206":"\\","5207":"n","5208":"\\","5209":"r","5210":"\\","5211":"n","5212":"<","5213":"s","5214":"c","5215":"r","5216":"i","5217":"p","5218":"t","5219":" ","5220":"s","5221":"e","5222":"t","5223":"u","5224":"p","5225":">","5226":"\\","5227":"r","5228":"\\","5229":"n","5230":"i","5231":"m","5232":"p","5233":"o","5234":"r","5235":"t","5236":" ","5237":"{","5238":" ","5239":"r","5240":"e","5241":"f","5242":",","5243":" ","5244":"o","5245":"n","5246":"M","5247":"o","5248":"u","5249":"n","5250":"t","5251":"e","5252":"d","5253":" ","5254":"}","5255":" ","5256":"f","5257":"r","5258":"o","5259":"m","5260":" ","5261":"'","5262":"v","5263":"u","5264":"e","5265":"'","5266":"\\","5267":"r","5268":"\\","5269":"n","5270":"i","5271":"m","5272":"p","5273":"o","5274":"r","5275":"t","5276":" ","5277":"m","5278":"u","5279":"s","5280":"h","5281":"r","5282":"o","5283":"o","5284":"m","5285":"D","5286":"a","5287":"t","5288":"a","5289":" ","5290":"f","5291":"r","5292":"o","5293":"m","5294":" ","5295":"'","5296":"~","5297":"/","5298":"d","5299":"a","5300":"t","5301":"a","5302":"/","5303":"s","5304":"a","5305":"m","5306":"p","5307":"l","5308":"e","5309":"d","5310":"a","5311":"t","5312":"a","5313":".","5314":"j","5315":"s","5316":"'","5317":"\\","5318":"r","5319":"\\","5320":"n","5321":"\\","5322":"r","5323":"\\","5324":"n","5325":"c","5326":"o","5327":"n","5328":"s","5329":"t","5330":" ","5331":"m","5332":"u","5333":"s","5334":"h",
[...]
"7917":" ","7918":"t","7919":"e","7920":"x","7921":"t","7922":"-","7923":"d","7924":"e","7925":"c","7926":"o","7927":"r","7928":"a","7929":"t","7930":"i","7931":"o","7932":"n","7933":":","7934":" ","7935":"n","7936":"o","7937":"n","7938":"e","7939":";","7940":"\\","7941":"r","7942":"\\","7943":"n","7944":" ","7945":" ","7946":" ","7947":" ","7948":"p","7949":"a","7950":"d","7951":"d","7952":"i","7953":"n","7954":"g","7955":":","7956":" ","7957":"0","7958":".","7959":"5","7960":"r","7961":"e","7962":"m","7963":" ","7964":"1","7965":"r","7966":"e","7967":"m","7968":";","7969":"\\","7970":"r","7971":"\\","7972":"n","7973":" ","7974":" ","7975":" ","7976":" ","7977":"b","7978":"o","7979":"r","7980":"d","7981":"e","7982":"r","7983":"-","7984":"r","7985":"a","7986":"d","7987":"i","7988":"u","7989":"s","7990":":","7991":" ","7992":"5","7993":"p","7994":"x","7995":";","7996":"\\","7997":"r","7998":"\\","7999":"n","8000":" ","8001":" ","8002":"}","8003":"\\","8004":"r","8005":"\\","8006":"n","8007":"\\","8008":"r","8009":"\\","8010":"n","8011":" ","8012":" ","8013":".","8014":"n","8015":"a","8016":"v","8017":"b","8018":"a","8019":"r","8020":"-","8021":"l","8022":"i","8023":"n","8024":"k","8025":"s","8026":" ","8027":"a","8028":":","8029":"h","8030":"o","8031":"v","8032":"e","8033":"r","8034":" ","8035":"{","8036":"\\","8037":"r","8038":"\\","8039":"n","8040":" ","8041":" ","8042":" ","8043":" ","8044":"b","8045":"a","8046":"c","8047":"k","8048":"g","8049":"r","8050":"o","8051":"u","8052":"n","8053":"d","8054":"-","8055":"c","8056":"o","8057":"l","8058":"o","8059":"r","8060":":","8061":" ","8062":"#","8063":"6","8064":"0","8065":"3","8066":"e","8067":"2","8068":"c","8069":";","8070":"\\","8071":"r","8072":"\\","8073":"n","8074":" ","8075":" ","8076":"}","8077":"\\","8078":"r","8079":"\\","8080":"n","8081":"\\","8082":"r","8083":"\\","8084":"n","8085":" ","8086":" ","8087":".","8088":"n","8089":"a","8090":"v","8091":"b","8092":"a","8093":"r","8094":"-","8095":"s","8096":"e","8097":"a","8098":"r","8099":"c","8100":"h","8101":" ","8102":"{","8103":"\\","8104":"r","8105":"\\","8106":"n","8107":" ","8108":" ","8109":" ","8110":" ","8111":"d","8112":"i","8113":"s","8114":"p","8115":"l","8116":"a","8117":"y","8118":":","8119":" ","8120":"f","8121":"l","8122":"e","8123":"x","8124":";","8125":"\\","8126":"r","8127":"\\","8128":"n","8129":" ","8130":" ","8131":" ","8132":" ","8133":"a","8134":"l","8135":"i","8136":"g","8137":"n","8138":"-","8139":"i","8140":"t","8141":"e","8142":"m","8143":"s","8144":":","8145":" ","8146":"c","8147":"e","8148":"n","8149":"t","8150":"e","8151":"r","8152":";","8153":"\\","8154":"r","8155":"\\","8156":"n","8157":" ","8158":" ","8159":" ","8160":" ","8161":"g","8162":"a","8163":"p","8164":":","8165":" ","8166":"1","8167":"r","8168":"e","8169":"m","8170":";","8171":"\\","8172":"r","8173":"\\","8174":"n","8175":" ","8176":" ","8177":"}","8178":"\\","8179":"r","8180":"\\","8181":"n","8182":"\\","8183":"r","8184":"\\","8185":"n","8186":" ","8187":" ","8188":".","8189":"n","8190":"a","8191":"v","8192":"b","8193":"a","8194":"r","8195":"-","8196":"s","8197":"e","8198":"a","8199":"r","8200":"c","8201":"h","8202":" ","8203":"i","8204":"n","8205":"p","8206":"u","8207":"t","8208":" ","8209":"{","8210":"\\","8211":"r","8212":"\\","8213":"n","8214":" ","8215":" ","8216":" ","8217":" ","8218":"p","8219":"a","8220":"d","8221":"d","8222":"i","8223":"n","8224":"g","8225":":","8226":" ","8227":"0","8228":".","8229":"5","8230":"r","8231":"e","8232":"m","8233":";","8234":"\\","8235":"r","8236":"\\","8237":"n","8238":" ","8239":" ","8240":" ","8241":" ","8242":"b","8243":"o","8244":"r","8245":"d","8246":"e","8247":"r","8248":"-","8249":"r","8250":"a","8251":"d","8252":"i","8253":"u","8254":"s","8255":":","8256":" ","8257":"5","8258":"p","8259":"x","8260":";","8261":"\\","8262":"r","8263":"\\","8264":"n","8265":" ","8266":" ","8267":" ","8268":" ","8269":"b","8270":"o","8271":"r","8272":"d","8273":"e","8274":"r","8275":":","8276":" ","8277":"1","8278":"p","8279":"x","8280":" ","8281":"s","8282":"o","8283":"l","8284":"i","8285":"d","8286":" ","8287":"#","8288":"6","8289":"0","8290":"3","8291":"e","8292":"2","8293":"c","8294":";","8295":"\\","8296":"r","8297":"\\","8298":"n","8299":" ","8300":" ","8301":" ","8302":" ","8303":"f","8304":"l","8305":"e","8306":"x","8307":":","8308":" ","8309":"1","8310":";","8311":"\\","8312":"r","8313":"\\","8314":"n","8315":" ","8316":" ","8317":" ","8318":" ","8319":"m","8320":"a","8321":"r","8322":"g","8323":"i","8324":"n","8325":"-","8326":"r","8327":"i","8328":"g","8329":"h","8330":"t","8331":":","8332":" ","8333":"1","8334":"r","8335":"e","8336":"m","8337":";","8338":"\\","8339":"r","8340":"\\","8341":"n","8342":" ","8343":" ","8344":"}","8345":"\\","8346":"r","8347":"\\","8348":"n","8349":"\\","8350":"r","8351":"\\","8352":"n","8353":" ","8354":" ","8355":".","8356":"n","8357":"a","8358":"v","8359":"b","8360":"a","8361":"r","8362":"-","8363":"s","8364":"e","8365":"a","8366":"r","8367":"c","8368":"h","8369":" ","8370":"b","8371":"u","8372":"t","8373":"t","8374":"o","8375":"n","8376":" ","8377":"{","8378":"\\","8379":"r","8380":"\\","8381":"n","8382":" ","8383":" ","8384":" ","8385":" ","8386":"p","8387":"a","8388":"d","8389":"d","8390":"i","8391":"n","8392":"g","8393":":","8394":" ","8395":"0","8396":".","8397":"5","8398":"r","8399":"e","8400":"m","8401":" ","8402":"1","8403":"r","8404":"e","8405":"m","8406":";","8407":"\\","8408":"r","8409":"\\","8410":"n","8411":" ","8412":" ","8413":" ","8414":" ","8415":"b","8416":"o","8417":"r","8418":"d","8419":"e","8420":"r","8421":"-","8422":"r","8423":"a","8424":"d","8425":"i","8426":"u","8427":"s","8428":":","8429":" ","8430":"5","8431":"p","8432":"x","8433":";","8434":"\\","8435":"r","8436":"\\","8437":"n","8438":" ","8439":" ","8440":" ","8441":" ","8442":"b","8443":"a","8444":"c","8445":"k","8446":"g","8447":"r","8448":"o","8449":"u","8450":"n","8451":"d","8452":"-","8453":"c","8454":"o","8455":"l","8456":"o","8457":"r","8458":":","8459":" ","8460":"#","8461":"6","8462":"0","8463":"3","8464":"e","8465":"2","8466":"c","8467":";","8468":"\\","8469":"r","8470":"\\","8471":"n","8472":" ","8473":" ","8474":" ","8475":" ","8476":"c","8477":"o","8478":"l","8479":"o","8480":"r","8481":":","8482":" ","8483":"#","8484":"f","8485":"f","8486":"f","8487":";","8488":"\\","8489":"r","8490":"\\","8491":"n","8492":" ","8493":" ","8494":" ","8495":" ","8496":"b","8497":"o","8498":"r","8499":"d","8500":"e","8501":"r","8502":":","8503":" ","8504":"n","8505":"o","8506":"n","8507":"e","8508":";","8509":"\\","8510":"r","8511":"\\","8512":"n","8513":" ","8514":" ","8515":" ","8516":" ","8517":"c","8518":"u","8519":"r","8520":"s","8521":"o","8522":"r","8523":":","8524":" ","8525":"p","8526":"o","8527":"i","8528":"n","8529":"t","8530":"e","8531":"r","8532":";","8533":"\\","8534":"r","8535":"\\","8536":"n","8537":" ","8538":" ","8539":"}","8540":"\\","8541":"r","8542":"\\","8543":"n","8544":"\\","8545":"r","8546":"\\","8547":"n","8548":" ","8549":" ","8550":".","8551":"n","8552":"a","8553":"v","8554":"b","8555":"a","8556":"r","8557":"-","8558":"s","8559":"e","8560":"a","8561":"r","8562":"c","8563":"h","8564":" ","8565":"b","8566":"u","8567":"t","8568":"t","8569":"o","8570":"n","8571":":","8572":"h","8573":"o","8574":"v","8575":"e","8576":"r","8577":" ","8578":"{","8579":"\\","8580":"r","8581":"\\","8582":"n","8583":" ","8584":" ","8585":" ","8586":" ","8587":"b","8588":"a","8589":"c","8590":"k","8591":"g","8592":"r","8593":"o","8594":"u","8595":"n","8596":"d","8597":"-","8598":"c","8599":"o","8600":"l","8601":"o","8602":"r","8603":":","8604":" ","8605":"#","8606":"4","8607":"8","8608":"2","8609":"b","8610":"1","8611":"f","8612":";","8613":"\\","8614":"r","8615":"\\","8616":"n","8617":" ","8618":" ","8619":"}","8620":"\\","8621":"r","8622":"\\","8623":"n","8624":"\\","8625":"r","8626":"\\","8627":"n","8628":" ","8629":" ","8630":"\\","8631":"r","8632":"\\","8633":"n","8634":"\\","8635":"r","8636":"\\","8637":"n","8638":" ","8639":" ","8640":"/","8641":"*","8642":" ","8643":"F","8644":"i","8645":"l","8646":"t","8647":"e","8648":"r","8649":" ","8650":"p","8651":"a","8652":"n","8653":"e","8654":"l","8655":" ","8656":"s","8657":"t","8658":"y","8659":"l","8660":"e","8661":"s","8662":" ","8663":"*","8664":"/","8665":"\\","8666":"r","8667":"\\","8668":"n","8669":" ","8670":" ","8671":".","8672":"f","8673":"i","8674":"l","8675":"t","8676":"e","8677":"r","8678":"-","8679":"p","8680":"a","8681":"n","8682":"e","8683":"l","8684":" ","8685":"{","8686":"\\","8687":"r","8688":"\\","8689":"n","8690":" ","8691":" ","8692":" ","8693":" ","8694":"b","8695":"a","8696":"c","8697":"k","8698":"g","8699":"r","8700":"o","8701":"u","8702":"n","8703":"d","8704":"-","8705":"c","8706":"o","8707":"l","8708":"o","8709":"r","8710":":","8711":" ","8712":"#","8713":"e","8714":"d","8715":"e","8716":"6","8717":"d","8718":"d","8719":";","8720":"\\","8721":"r","8722":"\\","8723":"n","8724":" ","8725":" ","8726":" ","8727":" ","8728":"p","8729":"a","8730":"d","8731":"d","8732":"i","8733":"n","8734":"g","8735":":","8736":" ","8737":"1","8738":"r","8739":"e","8740":"m","8741":";","8742":"\\","8743":"r","8744":"\\","8745":"n","8746":" ","8747":" ","8748":"}","8749":"\\","8750":"r","8751":"\\","8752":"n","8753":"\\","8754":"r","8755":"\\","8756":"n","8757":" ","8758":" ","8759":".","8760":"f","8761":"i","8762":"l","8763":"t","8764":"e","8765":"r","8766":"-","8767":"p","8768":"a","8769":"n","8770":"e","8771":"l","8772":" ","8773":"d","8774":"i","8775":"v","8776":" ","8777":"{","8778":"\\","8779":"r","8780":"\\","8781":"n","8782":" ","8783":" ","8784":" ","8785":" ","8786":"b","8787":"a","8788":"c","8789":"k","8790":"g","8791":"r","8792":"o","8793":"u","8794":"n","8795":"d","8796":"-","8797":"c","8798":"o","8799":"l","8800":"o","8801":"r","8802":":","8803":" ","8804":"#","8805":"f","8806":"5","8807":"f","8808":"1","8809":"e","8810":"c","8811":";","8812":"\\","8813":"r","8814":"\\","8815":"n","8816":" ","8817":" ","8818":" ","8819":" ","8820":"p","8821":"a","8822":"d","8823":"d","8824":"i","8825":"n","8826":"g","8827":":","8828":" ","8829":"1","8830":"r","8831":"e","8832":"m","8833":";","8834":"\\","8835":"r","8836":"\\","8837":"n","8838":" ","8839":" ","8840":" ","8841":" ","8842":"m","8843":"a","8844":"r","8845":"g","8846":"i","8847":"n","8848":"-","8849":"b","8850":"o","8851":"t","8852":"t","8853":"o","8854":"m","8855":":","8856":" ","8857":"1","8858":"r","8859":"e","8860":"m","8861":";","8862":"\\","8863":"r","8864":"\\","8865":"n","8866":" ","8867":" ","8868":"}","8869":"\\","8870":"r","8871":"\\","8872":"n","8873":"\\","8874":"r","8875":"\\","8876":"n","8877":" ","8878":" ","8879":".","8880":"f","8881":"i","8882":"l","8883":"t","8884":"e","8885":"r","8886":"-","8887":"p","8888":"a","8889":"n","8890":"e","8891":"l","8892":" ","8893":"h","8894":"2","8895":" ","8896":"{","8897":"\\","8898":"r","8899":"\\","8900":"n","8901":" ","8902":" ","8903":" ","8904":" ","8905":"m","8906":"a","8907":"r","8908":"g","8909":"i","8910":"n","8911":"-","8912":"b","8913":"o","8914":"t","8915":"t","8916":"o","8917":"m","8918":":","8919":" ","8920":"0","8921":".","8922":"5","8923":"r","8924":"e","8925":"m","8926":";","8927":"\\","8928":"r","8929":"\\","8930":"n","8931":" ","8932":" ","8933":"}","8934":"\\","8935":"r","8936":"\\","8937":"n","8938":"\\","8939":"r","8940":"\\","8941":"n","8942":" ","8943":" ","8944":".","8945":"f","8946":"i","8947":"l","8948":"t","8949":"e","8950":"r","8951":"-","8952":"p","8953":"a","8954":"n","8955":"e","8956":"l","8957":" ","8958":"i","8959":"n","8960":"p","8961":"u","8962":"t","8963":" ","8964":"{","8965":"\\","8966":"r","8967":"\\","8968":"n","8969":" ","8970":" ","8971":" ","8972":" ","8973":"p","8974":"a","8975":"d","8976":"d","8977":"i","8978":"n","8979":"g","8980":":","8981":" ","8982":"0","8983":".","8984":"5","8985":"r","8986":"e","8987":"m","8988":";","8989":"\\","8990":"r","8991":"\\","8992":"n","8993":" ","8994":" ","8995":" ","8996":" ","8997":"b","8998":"o","8999":"r","9000":"d","9001":"e","9002":"r","9003":"-","9004":"r","9005":"a","9006":"d","9007":"i","9008":"u","9009":"s","9010":":","9011":" ","9012":"5","9013":"p","9014":"x","9015":";","9016":"\\","9017":"r","9018":"\\","9019":"n","9020":" ","9021":" ","9022":" ","9023":" ","9024":"b","9025":"o","9026":"r","9027":"d","9028":"e","9029":"r","9030":":","9031":" ","9032":"1","9033":"p","9034":"x","9035":" ","9036":"s","9037":"o","9038":"l","9039":"i","9040":"d","9041":" ","9042":"#","9043":"c","9044":"c","9045":"c","9046":";","9047":"\\","9048":"r","9049":"\\","9050":"n","9051":" ","9052":" ","9053":" ","9054":" ","9055":"w","9056":"i","9057":"d","9058":"t","9059":"h","9060":":","9061":" ","9062":"9","9063":"3","9064":"%","9065":";","9066":"\\","9067":"r","9068":"\\","9069":"n","9070":" ","9071":" ","9072":" ","9073":" ","9074":"m","9075":"a","9076":"r","9077":"g","9078":"i","9079":"n","9080":":","9081":" ","9082":"0","9083":" ","9084":"a","9085":"u","9086":"t","9087":"o","9088":";","9089":"\\","9090":"r","9091":"\\","9092":"n","9093":" ","9094":" ","9095":"}","9096":"\\","9097":"r","9098":"\\","9099":"n","9100":"\\","9101":"r","9102":"\\","9103":"n","9104":" ","9105":" ","9106":".","9107":"f","9108":"i","9109":"l","9110":"t","9111":"e","9112":"r","9113":"-","9114":"p","9115":"a","9116":"n","9117":"e","9118":"l","9119":" ","9120":"b","9121":"u","9122":"t","9123":"t","9124":"o","9125":"n","9126":" ","9127":"{","9128":"\\","9129":"r","9130":"\\","9131":"n","9132":" ","9133":" ","9134":" ","9135":" ","9136":"p","9137":"a","9138":"d","9139":"d","9140":"i","9141":"n","9142":"g","9143":":","9144":" ","9145":"0","9146":".","9147":"5","9148":"r","9149":"e","9150":"m","9151":" ","9152":"1","9153":"r","9154":"e","9155":"m","9156":";","9157":"\\","9158":"r","9159":"\\","9160":"n","9161":" ","9162":" ","9163":" ","9164":" ","9165":"b","9166":"o","9167":"r","9168":"d","9169":"e","9170":"r","9171":"-","9172":"r","9173":"a","9174":"d","9175":"i","9176":"u","9177":"s","9178":":","9179":" ","9180":"5","9181":"p","9182":"x","9183":";","9184":"\\","9185":"r","9186":"\\","9187":"n","9188":" ","9189":" ","9190":" ","9191":" ","9192":"b","9193":"a","9194":"c","9195":"k","9196":"g","9197":"r","9198":"o","9199":"u","9200":"n","9201":"d","9202":"-","9203":"c","9204":"o","9205":"l","9206":"o","9207":"r","9208":":","9209":" ","9210":"#","9211":"6","9212":"0","9213":"3","9214":"e","9215":"2","9216":"c","9217":";","9218":"\\","9219":"r","9220":"\\","9221":"n","9222":" ","9223":" ","9224":" ","9225":" ","9226":"c","9227":"o","9228":"l","9229":"o","9230":"r","9231":":","9232":" ","9233":"#","9234":"f","9235":"f","9236":"f","9237":";","9238":"\\","9239":"r","9240":"\\","9241":"n","9242":" ","9243":" ","9244":" ","9245":" ","9246":"b","9247":"o","9248":"r","9249":"d","9250":"e","9251":"r","9252":":","9253":" ","9254":"n","9255":"o","9256":"n","9257":"e","9258":";","9259":"\\","9260":"r","9261":"\\","9262":"n","9263":" ","9264":" ","9265":" ","9266":" ","9267":"c","9268":"u","9269":"r","9270":"s","9271":"o","9272":"r","9273":":","9274":" ","9275":"p","9276":"o","9277":"i","9278":"n","9279":"t","9280":"e","9281":"r","9282":";","9283":"\\","9284":"r","9285":"\\","9286":"n","9287":" ","9288":" ","9289":" ","9290":" ","9291":"w","9292":"i","9293":"d","9294":"t","9295":"h","9296":":","9297":" ","9298":"1","9299":"0","9300":"0","9301":"%","9302":";","9303":"\\","9304":"r","9305":"\\","9306":"n","9307":" ","9308":" ","9309":" ","9310":" ","9311":"m","9312":"a","9313":"r","9314":"g","9315":"i","9316":"n","9317":"-","9318":"t","9319":"o","9320":"p","9321":":","9322":" ","9323":"0","9324":".","9325":"5","9326":"r","9327":"e","9328":"m","9329":"\\","9330":"r","9331":"\\","9332":"n","9333":" ","9334":" ","9335":"}","9336":"\\","9337":"r","9338":"\\","9339":"n","9340":"\\","9341":"r","9342":"\\","9343":"n","9344":" ","9345":" ","9346":".","9347":"f","9348":"i","9349":"l","9350":"t","9351":"e","9352":"r","9353":"-","9354":"p","9355":"a","9356":"n","9357":"e","9358":"l","9359":" ","9360":"b","9361":"u","9362":"t","9363":"t","9364":"o","9365":"n","9366":":","9367":"h","9368":"o","9369":"v","9370":"e","9371":"r","9372":" ","9373":"{","9374":"\\","9375":"r","9376":"\\","9377":"n","9378":" ","9379":" ","9380":" ","9381":" ","9382":"b","9383":"a","9384":"c","9385":"k","9386":"g","9387":"r","9388":"o","9389":"u","9390":"n","9391":"d","9392":"-","9393":"c","9394":"o","9395":"l","9396":"o","9397":"r","9398":":","9399":" ","9400":"#","9401":"4","9402":"8","9403":"2","9404":"b","9405":"1","9406":"f","9407":";","9408":"\\","9409":"r","9410":"\\","9411":"n","9412":" ","9413":" ","9414":"}","9415":"\\","9416":"r","9417":"\\","9418":"n","9419":"\\","9420":"r","9421":"\\","9422":"n","9423":" ","9424":" ","9425":"/","9426":"*","9427":" ","9428":"M","9429":"a","9430":"i","9431":"n","9432":" ","9433":"c","9434":"o","9435":"n","9436":"t","9437":"e","9438":"n","9439":"t","9440":" ","9441":"s","9442":"t","9443":"y","9444":"l","9445":"e","9446":"s","9447":" ","9448":"*","9449":"/","9450":"\\","9451":"r","9452":"\\","9453":"n","9454":" ","9455":" ","9456":".","9457":"m","9458":"a","9459":"i","9460":"n","9461":"-","9462":"c","9463":"o","9464":"n","9465":"t","9466":"e","9467":"n","9468":"t","9469":" ","9470":"{","9471":"\\","9472":"r","9473":"\\","9474":"n","9475":" ","9476":" ","9477":" ","9478":" ","9479":"d","9480":"i","9481":"s","9482":"p","9483":"l","9484":"a","9485":"y","9486":":","9487":" ","9488":"f","9489":"l","9490":"e","9491":"x","9492":";","9493":"\\","9494":"r","9495":"\\","9496":"n","9497":" ","9498":" ","9499":" ","9500":" ","9501":"g","9502":"a","9503":"p","9504":":","9505":" ","9506":"2","9507":"r","9508":"e","9509":"m","9510":";","9511":"\\","9512":"r","9513":"\\","9514":"n","9515":" ","9516":" ","9517":" ","9518":" ","9519":"m","9520":"a","9521":"x","9522":"-","9523":"w","9524":"i","9525":"d","9526":"t","9527":"h","9528":":","9529":" ","9530":"1","9531":"0","9532":"0","9533":"%","9534":";","9535":"\\","9536":"r","9537":"\\","9538":"n","9539":" ","9540":" ","9541":" ","9542":" ","9543":"p","9544":"a","9545":"d","9546":"d","9547":"i","9548":"n","9549":"g","9550":":","9551":" ","9552":"2","9553":"r","9554":"e","9555":"m","9556":";","9557":"\\","9558":"r","9559":"\\","9560":"n","9561":" ","9562":" ","9563":"}","9564":"\\","9565":"r","9566":"\\","9567":"n","9568":"\\","9569":"r","9570":"\\","9571":"n","9572":" ","9573":" ","9574":".","9575":"l","9576":"a","9577":"n","9578":"d","9579":"i","9580":"n","9581":"g","9582":"-","9583":"c","9584":"o","9585":"n","9586":"t","9587":"e","9588":"n","9589":"t","9590":" ","9591":"{","9592":"\\","9593":"r","9594":"\\","9595":"n","9596":" ","9597":" ","9598":" ","9599":" ","9600":"f","9601":"l","9602":"e","9603":"x","9604":":","9605":" ","9606":"1","9607":";","9608":"\\","9609":"r","9610":"\\","9611":"n","9612":" ","9613":" ","9614":" ","9615":" ","9616":"b","9617":"a","9618":"c","9619":"k","9620":"g","9621":"r","9622":"o","9623":"u","9624":"n","9625":"d","9626":"-","9627":"c","9628":"o","9629":"l","9630":"o","9631":"r","9632":":","9633":" ","9634":"#","9635":"f","9636":"f","9637":"f","9638":";","9639":"\\","9640":"r","9641":"\\","9642":"n","9643":" ","9644":" ","9645":" ","9646":" ","9647":"p","9648":"a","9649":"d","9650":"d","9651":"i","9652":"n","9653":"g","9654":":","9655":" ","9656":"2","9657":"r","9658":"e","9659":"m","9660":";","9661":"\\","9662":"r","9663":"\\","9664":"n","9665":" ","9666":" ","9667":" ","9668":" ","9669":"b","9670":"o","9671":"r","9672":"d","9673":"e","9674":"r","9675":":","9676":" ","9677":"1","9678":"p","9679":"x","9680":" ","9681":"s","9682":"o","9683":"l","9684":"i","9685":"d","9686":" ","9687":"#","9688":"c","9689":"c","9690":"c","9691":";","9692":"\\","9693":"r","9694":"\\","9695":"n","9696":" ","9697":" ","9698":"}","9699":"\\","9700":"r","9701":"\\","9702":"n","9703":"<","9704":"/","9705":"s","9706":"t","9707":"y","9708":"l","9709":"e","9710":">","9711":"\\","9712":"r","9713":"\\","9714":"n","9715":"\"","9716":"]","9717":"}"}}
}
