TN:
SF:pages\about.vue
FN:3,(anonymous_0)
FN:21,render
FNF:2
FNH:0
FNDA:0,(anonymous_0)
FNDA:0,render
DA:4,0
DA:7,0
DA:12,0
DA:14,0
DA:17,0
DA:18,0
DA:19,0
DA:20,0
DA:22,0
DA:23,0
LF:10
LH:0
BRF:0
BRH:0
end_of_record
TN:
SF:pages\index.vue
FN:17,(anonymous_0)
FN:104,(anonymous_1)
FN:105,(anonymous_2)
FN:105,(anonymous_3)
FN:109,(anonymous_4)
FN:122,(anonymous_5)
FN:125,(anonymous_6)
FN:128,(anonymous_7)
FN:158,(anonymous_8)
FN:223,render
FN:225,(anonymous_10)
FN:229,(anonymous_11)
FN:233,(anonymous_12)
FN:237,(anonymous_13)
FN:241,(anonymous_14)
FN:247,(anonymous_15)
FN:251,(anonymous_16)
FN:258,(anonymous_17)
FNF:18
FNH:0
FNDA:0,(anonymous_0)
FNDA:0,(anonymous_1)
FNDA:0,(anonymous_2)
FNDA:0,(anonymous_3)
FNDA:0,(anonymous_4)
FNDA:0,(anonymous_5)
FNDA:0,(anonymous_6)
FNDA:0,(anonymous_7)
FNDA:0,(anonymous_8)
FNDA:0,render
FNDA:0,(anonymous_10)
FNDA:0,(anonymous_11)
FNDA:0,(anonymous_12)
FNDA:0,(anonymous_13)
FNDA:0,(anonymous_14)
FNDA:0,(anonymous_15)
FNDA:0,(anonymous_16)
FNDA:0,(anonymous_17)
DA:4,0
DA:7,0
DA:15,0
DA:20,0
DA:23,0
DA:30,0
DA:37,0
DA:44,0
DA:51,0
DA:58,0
DA:65,0
DA:72,0
DA:81,0
DA:87,0
DA:104,0
DA:105,0
DA:109,0
DA:111,0
DA:112,0
DA:114,0
DA:119,0
DA:122,0
DA:123,0
DA:125,0
DA:126,0
DA:128,0
DA:129,0
DA:130,0
DA:132,0
DA:159,0
DA:167,0
DA:171,0
DA:178,0
DA:181,0
DA:182,0
DA:183,0
DA:184,0
DA:187,0
DA:190,0
DA:193,0
DA:194,0
DA:197,0
DA:198,0
DA:199,0
DA:200,0
DA:201,0
DA:202,0
DA:203,0
DA:204,0
DA:205,0
DA:206,0
DA:209,0
DA:212,0
DA:215,0
DA:216,0
DA:219,0
DA:224,0
DA:226,0
DA:230,0
DA:234,0
DA:238,0
DA:242,0
DA:248,0
DA:252,0
DA:259,0
DA:263,0
LF:66
LH:0
BRDA:111,0,0,0
BRDA:111,0,1,0
BRDA:128,1,0,0
BRDA:128,1,1,0
BRDA:128,1,2,0
BRDA:128,1,3,0
BRDA:128,1,4,0
BRDA:225,2,0,0
BRDA:225,2,1,0
BRDA:229,3,0,0
BRDA:229,3,1,0
BRDA:233,4,0,0
BRDA:233,4,1,0
BRDA:237,5,0,0
BRDA:237,5,1,0
BRDA:241,6,0,0
BRDA:241,6,1,0
BRDA:247,7,0,0
BRDA:247,7,1,0
BRDA:258,8,0,0
BRDA:258,8,1,0
BRDA:258,9,0,0
BRDA:258,9,1,0
BRF:23
BRH:0
end_of_record
